{"/home/dacrab/Documents/GitHub/mise/src/router.tsx": {"path":"/home/dacrab/Documents/GitHub/mise/src/router.tsx","statementMap":{"0":{"start":{"line":13,"column":21},"end":{"line":13,"column":null}},"1":{"start":{"line":14,"column":2},"end":{"line":14,"column":null}},"2":{"start":{"line":14,"column":19},"end":{"line":14,"column":null}},"3":{"start":{"line":16,"column":28},"end":{"line":16,"column":null}},"4":{"start":{"line":17,"column":22},"end":{"line":26,"column":null}},"5":{"start":{"line":27,"column":2},"end":{"line":27,"column":null}},"6":{"start":{"line":30,"column":23},"end":{"line":30,"column":null}},"7":{"start":{"line":32,"column":2},"end":{"line":45,"column":null}},"8":{"start":{"line":39,"column":8},"end":{"line":41,"column":null}},"9":{"start":{"line":49,"column":22},"end":{"line":49,"column":null}},"10":{"start":{"line":53,"column":2},"end":{"line":53,"column":null}}},"fnMap":{"0":{"name":"createAppRouter","decl":{"start":{"line":12,"column":9},"end":{"line":12,"column":27}},"loc":{"start":{"line":12,"column":27},"end":{"line":46,"column":null}},"line":12},"1":{"name":"(anonymous_1)","decl":{"start":{"line":38,"column":12},"end":{"line":38,"column":13}},"loc":{"start":{"line":39,"column":8},"end":{"line":41,"column":null}},"line":39},"2":{"name":"getRouter","decl":{"start":{"line":52,"column":16},"end":{"line":52,"column":28}},"loc":{"start":{"line":52,"column":28},"end":{"line":54,"column":null}},"line":52}},"branchMap":{"0":{"loc":{"start":{"line":14,"column":2},"end":{"line":14,"column":null}},"type":"if","locations":[{"start":{"line":14,"column":2},"end":{"line":14,"column":null}},{"start":{},"end":{}}],"line":14}},"s":{"0":0,"1":0,"2":0,"3":0,"4":0,"5":0,"6":0,"7":0,"8":0,"9":0,"10":0},"f":{"0":0,"1":0,"2":0},"b":{"0":[0,0]},"meta":{"lastBranch":1,"lastFunction":3,"lastStatement":11,"seen":{"f:12:9:12:27":0,"s:13:21:13:Infinity":0,"b:14:2:14:Infinity:undefined:undefined:undefined:undefined":0,"s:14:2:14:Infinity":1,"s:14:19:14:Infinity":2,"s:16:28:16:Infinity":3,"s:17:22:26:Infinity":4,"s:27:2:27:Infinity":5,"s:30:23:30:Infinity":6,"s:32:2:45:Infinity":7,"f:38:12:38:13":1,"s:39:8:41:Infinity":8,"s:49:22:49:Infinity":9,"f:52:16:52:28":2,"s:53:2:53:Infinity":10}}}
,"/home/dacrab/Documents/GitHub/mise/src/components/auth/AuthForms.tsx": {"path":"/home/dacrab/Documents/GitHub/mise/src/components/auth/AuthForms.tsx","statementMap":{"0":{"start":{"line":12,"column":2},"end":{"line":18,"column":null}},"1":{"start":{"line":23,"column":17},"end":{"line":23,"column":null}},"2":{"start":{"line":24,"column":16},"end":{"line":24,"column":null}},"3":{"start":{"line":25,"column":28},"end":{"line":25,"column":null}},"4":{"start":{"line":27,"column":22},"end":{"line":35,"column":null}},"5":{"start":{"line":28,"column":4},"end":{"line":28,"column":null}},"6":{"start":{"line":29,"column":4},"end":{"line":34,"column":null}},"7":{"start":{"line":30,"column":6},"end":{"line":30,"column":null}},"8":{"start":{"line":32,"column":6},"end":{"line":32,"column":null}},"9":{"start":{"line":33,"column":6},"end":{"line":33,"column":null}},"10":{"start":{"line":37,"column":2},"end":{"line":46,"column":null}},"11":{"start":{"line":40,"column":21},"end":{"line":40,"column":null}},"12":{"start":{"line":51,"column":14},"end":{"line":51,"column":null}},"13":{"start":{"line":52,"column":2},"end":{"line":54,"column":null}},"14":{"start":{"line":53,"column":4},"end":{"line":53,"column":null}},"15":{"start":{"line":53,"column":27},"end":{"line":53,"column":null}},"16":{"start":{"line":55,"column":2},"end":{"line":55,"column":null}},"17":{"start":{"line":59,"column":24},"end":{"line":59,"column":null}},"18":{"start":{"line":60,"column":28},"end":{"line":60,"column":null}},"19":{"start":{"line":61,"column":16},"end":{"line":61,"column":null}},"20":{"start":{"line":63,"column":14},"end":{"line":78,"column":null}},"21":{"start":{"line":67,"column":4},"end":{"line":67,"column":null}},"22":{"start":{"line":68,"column":4},"end":{"line":68,"column":null}},"23":{"start":{"line":69,"column":4},"end":{"line":77,"column":null}},"24":{"start":{"line":70,"column":6},"end":{"line":70,"column":null}},"25":{"start":{"line":72,"column":22},"end":{"line":72,"column":null}},"26":{"start":{"line":73,"column":6},"end":{"line":73,"column":null}},"27":{"start":{"line":74,"column":6},"end":{"line":74,"column":null}},"28":{"start":{"line":76,"column":6},"end":{"line":76,"column":null}},"29":{"start":{"line":80,"column":2},"end":{"line":80,"column":null}},"30":{"start":{"line":85,"column":45},"end":{"line":90,"column":null}},"31":{"start":{"line":93,"column":17},"end":{"line":93,"column":null}},"32":{"start":{"line":94,"column":16},"end":{"line":94,"column":null}},"33":{"start":{"line":95,"column":8},"end":{"line":95,"column":null}},"34":{"start":{"line":96,"column":24},"end":{"line":96,"column":null}},"35":{"start":{"line":97,"column":30},"end":{"line":97,"column":null}},"36":{"start":{"line":98,"column":38},"end":{"line":98,"column":null}},"37":{"start":{"line":99,"column":34},"end":{"line":99,"column":null}},"38":{"start":{"line":101,"column":23},"end":{"line":111,"column":null}},"39":{"start":{"line":102,"column":4},"end":{"line":102,"column":null}},"40":{"start":{"line":103,"column":4},"end":{"line":103,"column":null}},"41":{"start":{"line":103,"column":29},"end":{"line":103,"column":null}},"42":{"start":{"line":104,"column":4},"end":{"line":110,"column":null}},"43":{"start":{"line":105,"column":21},"end":{"line":105,"column":null}},"44":{"start":{"line":106,"column":6},"end":{"line":109,"column":null}},"45":{"start":{"line":107,"column":8},"end":{"line":107,"column":null}},"46":{"start":{"line":108,"column":8},"end":{"line":108,"column":null}},"47":{"start":{"line":113,"column":2},"end":{"line":135,"column":null}},"48":{"start":{"line":122,"column":28},"end":{"line":122,"column":null}},"49":{"start":{"line":122,"column":51},"end":{"line":122,"column":53}},"50":{"start":{"line":141,"column":46},"end":{"line":145,"column":null}},"51":{"start":{"line":148,"column":17},"end":{"line":148,"column":null}},"52":{"start":{"line":149,"column":16},"end":{"line":149,"column":null}},"53":{"start":{"line":150,"column":8},"end":{"line":150,"column":null}},"54":{"start":{"line":151,"column":22},"end":{"line":151,"column":null}},"55":{"start":{"line":152,"column":24},"end":{"line":152,"column":null}},"56":{"start":{"line":153,"column":30},"end":{"line":153,"column":null}},"57":{"start":{"line":154,"column":38},"end":{"line":154,"column":null}},"58":{"start":{"line":155,"column":34},"end":{"line":155,"column":null}},"59":{"start":{"line":157,"column":8},"end":{"line":165,"column":null}},"60":{"start":{"line":158,"column":4},"end":{"line":158,"column":null}},"61":{"start":{"line":158,"column":42},"end":{"line":158,"column":null}},"62":{"start":{"line":159,"column":4},"end":{"line":159,"column":null}},"63":{"start":{"line":159,"column":29},"end":{"line":159,"column":null}},"64":{"start":{"line":160,"column":21},"end":{"line":160,"column":null}},"65":{"start":{"line":161,"column":22},"end":{"line":161,"column":null}},"66":{"start":{"line":162,"column":4},"end":{"line":162,"column":null}},"67":{"start":{"line":162,"column":31},"end":{"line":162,"column":null}},"68":{"start":{"line":163,"column":4},"end":{"line":163,"column":null}},"69":{"start":{"line":163,"column":31},"end":{"line":163,"column":null}},"70":{"start":{"line":164,"column":4},"end":{"line":164,"column":null}},"71":{"start":{"line":167,"column":23},"end":{"line":178,"column":null}},"72":{"start":{"line":168,"column":4},"end":{"line":168,"column":null}},"73":{"start":{"line":169,"column":4},"end":{"line":169,"column":null}},"74":{"start":{"line":169,"column":38},"end":{"line":169,"column":null}},"75":{"start":{"line":170,"column":4},"end":{"line":170,"column":null}},"76":{"start":{"line":170,"column":29},"end":{"line":170,"column":null}},"77":{"start":{"line":171,"column":4},"end":{"line":177,"column":null}},"78":{"start":{"line":172,"column":21},"end":{"line":172,"column":null}},"79":{"start":{"line":173,"column":6},"end":{"line":176,"column":null}},"80":{"start":{"line":174,"column":8},"end":{"line":174,"column":null}},"81":{"start":{"line":175,"column":8},"end":{"line":175,"column":null}},"82":{"start":{"line":180,"column":2},"end":{"line":203,"column":null}},"83":{"start":{"line":190,"column":28},"end":{"line":190,"column":null}},"84":{"start":{"line":190,"column":51},"end":{"line":190,"column":53}},"85":{"start":{"line":210,"column":17},"end":{"line":210,"column":null}},"86":{"start":{"line":211,"column":16},"end":{"line":211,"column":null}},"87":{"start":{"line":212,"column":8},"end":{"line":212,"column":null}},"88":{"start":{"line":213,"column":22},"end":{"line":213,"column":null}},"89":{"start":{"line":214,"column":24},"end":{"line":214,"column":null}},"90":{"start":{"line":215,"column":22},"end":{"line":215,"column":null}},"91":{"start":{"line":216,"column":36},"end":{"line":216,"column":null}},"92":{"start":{"line":217,"column":24},"end":{"line":217,"column":null}},"93":{"start":{"line":218,"column":28},"end":{"line":218,"column":null}},"94":{"start":{"line":220,"column":17},"end":{"line":230,"column":null}},"95":{"start":{"line":221,"column":4},"end":{"line":221,"column":null}},"96":{"start":{"line":222,"column":4},"end":{"line":222,"column":null}},"97":{"start":{"line":223,"column":4},"end":{"line":229,"column":null}},"98":{"start":{"line":224,"column":6},"end":{"line":224,"column":null}},"99":{"start":{"line":226,"column":6},"end":{"line":226,"column":null}},"100":{"start":{"line":228,"column":6},"end":{"line":228,"column":null}},"101":{"start":{"line":232,"column":29},"end":{"line":243,"column":null}},"102":{"start":{"line":233,"column":4},"end":{"line":233,"column":null}},"103":{"start":{"line":234,"column":4},"end":{"line":234,"column":null}},"104":{"start":{"line":234,"column":23},"end":{"line":234,"column":null}},"105":{"start":{"line":235,"column":4},"end":{"line":242,"column":null}},"106":{"start":{"line":236,"column":17},"end":{"line":236,"column":null}},"107":{"start":{"line":237,"column":6},"end":{"line":237,"column":null}},"108":{"start":{"line":238,"column":6},"end":{"line":238,"column":null}},"109":{"start":{"line":239,"column":6},"end":{"line":239,"column":null}},"110":{"start":{"line":240,"column":6},"end":{"line":240,"column":null}},"111":{"start":{"line":241,"column":6},"end":{"line":241,"column":null}},"112":{"start":{"line":245,"column":30},"end":{"line":258,"column":null}},"113":{"start":{"line":246,"column":4},"end":{"line":246,"column":null}},"114":{"start":{"line":247,"column":4},"end":{"line":247,"column":null}},"115":{"start":{"line":247,"column":71},"end":{"line":247,"column":null}},"116":{"start":{"line":248,"column":4},"end":{"line":257,"column":null}},"117":{"start":{"line":249,"column":17},"end":{"line":249,"column":null}},"118":{"start":{"line":250,"column":6},"end":{"line":250,"column":null}},"119":{"start":{"line":251,"column":6},"end":{"line":251,"column":null}},"120":{"start":{"line":252,"column":6},"end":{"line":252,"column":null}},"121":{"start":{"line":253,"column":6},"end":{"line":253,"column":null}},"122":{"start":{"line":254,"column":6},"end":{"line":254,"column":null}},"123":{"start":{"line":255,"column":6},"end":{"line":255,"column":null}},"124":{"start":{"line":256,"column":6},"end":{"line":256,"column":null}},"125":{"start":{"line":260,"column":2},"end":{"line":278,"column":null}},"126":{"start":{"line":261,"column":4},"end":{"line":276,"column":null}},"127":{"start":{"line":263,"column":31},"end":{"line":263,"column":49}},"128":{"start":{"line":280,"column":2},"end":{"line":294,"column":null}}},"fnMap":{"0":{"name":"GoogleIcon","decl":{"start":{"line":11,"column":9},"end":{"line":11,"column":22}},"loc":{"start":{"line":11,"column":22},"end":{"line":20,"column":null}},"line":11},"1":{"name":"GoogleSignInButton","decl":{"start":{"line":22,"column":9},"end":{"line":22,"column":30}},"loc":{"start":{"line":22,"column":30},"end":{"line":48,"column":null}},"line":22},"2":{"name":"(anonymous_2)","decl":{"start":{"line":27,"column":22},"end":{"line":27,"column":34}},"loc":{"start":{"line":27,"column":34},"end":{"line":35,"column":null}},"line":27},"3":{"name":"(anonymous_3)","decl":{"start":{"line":40,"column":15},"end":{"line":40,"column":21}},"loc":{"start":{"line":40,"column":21},"end":{"line":40,"column":null}},"line":40},"4":{"name":"mapAuthError","decl":{"start":{"line":50,"column":9},"end":{"line":50,"column":22}},"loc":{"start":{"line":50,"column":75},"end":{"line":56,"column":null}},"line":50},"5":{"name":"useAuthForm","decl":{"start":{"line":58,"column":9},"end":{"line":58,"column":23}},"loc":{"start":{"line":58,"column":23},"end":{"line":81,"column":null}},"line":58},"6":{"name":"(anonymous_6)","decl":{"start":{"line":63,"column":14},"end":{"line":63,"column":null}},"loc":{"start":{"line":66,"column":7},"end":{"line":78,"column":null}},"line":66},"7":{"name":"LoginForm","decl":{"start":{"line":92,"column":16},"end":{"line":92,"column":28}},"loc":{"start":{"line":92,"column":28},"end":{"line":137,"column":null}},"line":92},"8":{"name":"(anonymous_8)","decl":{"start":{"line":101,"column":23},"end":{"line":101,"column":24}},"loc":{"start":{"line":101,"column":47},"end":{"line":111,"column":null}},"line":101},"9":{"name":"(anonymous_9)","decl":{"start":{"line":104,"column":13},"end":{"line":104,"column":25}},"loc":{"start":{"line":104,"column":25},"end":{"line":110,"column":7}},"line":104},"10":{"name":"(anonymous_10)","decl":{"start":{"line":122,"column":22},"end":{"line":122,"column":28}},"loc":{"start":{"line":122,"column":28},"end":{"line":122,"column":null}},"line":122},"11":{"name":"(anonymous_11)","decl":{"start":{"line":122,"column":44},"end":{"line":122,"column":45}},"loc":{"start":{"line":122,"column":51},"end":{"line":122,"column":53}},"line":122},"12":{"name":"SignupForm","decl":{"start":{"line":147,"column":16},"end":{"line":147,"column":29}},"loc":{"start":{"line":147,"column":29},"end":{"line":205,"column":null}},"line":147},"13":{"name":"(anonymous_13)","decl":{"start":{"line":157,"column":27},"end":{"line":157,"column":33}},"loc":{"start":{"line":157,"column":33},"end":{"line":165,"column":5}},"line":157},"14":{"name":"(anonymous_14)","decl":{"start":{"line":167,"column":23},"end":{"line":167,"column":24}},"loc":{"start":{"line":167,"column":47},"end":{"line":178,"column":null}},"line":167},"15":{"name":"(anonymous_15)","decl":{"start":{"line":171,"column":13},"end":{"line":171,"column":25}},"loc":{"start":{"line":171,"column":25},"end":{"line":177,"column":7}},"line":171},"16":{"name":"(anonymous_16)","decl":{"start":{"line":190,"column":22},"end":{"line":190,"column":28}},"loc":{"start":{"line":190,"column":28},"end":{"line":190,"column":null}},"line":190},"17":{"name":"(anonymous_17)","decl":{"start":{"line":190,"column":44},"end":{"line":190,"column":45}},"loc":{"start":{"line":190,"column":51},"end":{"line":190,"column":53}},"line":190},"18":{"name":"ForgotPasswordForm","decl":{"start":{"line":209,"column":16},"end":{"line":209,"column":37}},"loc":{"start":{"line":209,"column":37},"end":{"line":296,"column":null}},"line":209},"19":{"name":"(anonymous_19)","decl":{"start":{"line":220,"column":17},"end":{"line":220,"column":24}},"loc":{"start":{"line":220,"column":52},"end":{"line":230,"column":null}},"line":220},"20":{"name":"(anonymous_20)","decl":{"start":{"line":232,"column":29},"end":{"line":232,"column":30}},"loc":{"start":{"line":232,"column":53},"end":{"line":243,"column":null}},"line":232},"21":{"name":"(anonymous_21)","decl":{"start":{"line":235,"column":16},"end":{"line":235,"column":28}},"loc":{"start":{"line":235,"column":28},"end":{"line":242,"column":5}},"line":235},"22":{"name":"(anonymous_22)","decl":{"start":{"line":245,"column":30},"end":{"line":245,"column":31}},"loc":{"start":{"line":245,"column":54},"end":{"line":258,"column":null}},"line":245},"23":{"name":"(anonymous_23)","decl":{"start":{"line":248,"column":16},"end":{"line":248,"column":28}},"loc":{"start":{"line":248,"column":28},"end":{"line":257,"column":5}},"line":248},"24":{"name":"(anonymous_24)","decl":{"start":{"line":263,"column":25},"end":{"line":263,"column":31}},"loc":{"start":{"line":263,"column":31},"end":{"line":263,"column":49}},"line":263}},"branchMap":{"0":{"loc":{"start":{"line":32,"column":12},"end":{"line":32,"column":82}},"type":"cond-expr","locations":[{"start":{"line":32,"column":35},"end":{"line":32,"column":49}},{"start":{"line":32,"column":49},"end":{"line":32,"column":82}}],"line":32},"1":{"loc":{"start":{"line":44,"column":7},"end":{"line":44,"column":null}},"type":"cond-expr","locations":[{"start":{"line":44,"column":17},"end":{"line":44,"column":31}},{"start":{"line":44,"column":31},"end":{"line":44,"column":null}}],"line":44},"2":{"loc":{"start":{"line":45,"column":7},"end":{"line":45,"column":null}},"type":"cond-expr","locations":[{"start":{"line":45,"column":17},"end":{"line":45,"column":34}},{"start":{"line":45,"column":34},"end":{"line":45,"column":null}}],"line":45},"3":{"loc":{"start":{"line":51,"column":14},"end":{"line":51,"column":null}},"type":"cond-expr","locations":[{"start":{"line":51,"column":39},"end":{"line":51,"column":55}},{"start":{"line":51,"column":55},"end":{"line":51,"column":null}}],"line":51},"4":{"loc":{"start":{"line":53,"column":4},"end":{"line":53,"column":null}},"type":"if","locations":[{"start":{"line":53,"column":4},"end":{"line":53,"column":null}},{"start":{},"end":{}}],"line":53},"5":{"loc":{"start":{"line":55,"column":9},"end":{"line":55,"column":null}},"type":"binary-expr","locations":[{"start":{"line":55,"column":9},"end":{"line":55,"column":27}},{"start":{"line":55,"column":27},"end":{"line":55,"column":null}}],"line":55},"6":{"loc":{"start":{"line":103,"column":4},"end":{"line":103,"column":null}},"type":"if","locations":[{"start":{"line":103,"column":4},"end":{"line":103,"column":null}},{"start":{},"end":{}}],"line":103},"7":{"loc":{"start":{"line":103,"column":8},"end":{"line":103,"column":29}},"type":"binary-expr","locations":[{"start":{"line":103,"column":8},"end":{"line":103,"column":18}},{"start":{"line":103,"column":18},"end":{"line":103,"column":29}}],"line":103},"8":{"loc":{"start":{"line":106,"column":6},"end":{"line":109,"column":null}},"type":"if","locations":[{"start":{"line":106,"column":6},"end":{"line":109,"column":null}},{"start":{},"end":{}}],"line":106},"9":{"loc":{"start":{"line":115,"column":7},"end":{"line":115,"column":null}},"type":"binary-expr","locations":[{"start":{"line":115,"column":7},"end":{"line":115,"column":16}},{"start":{"line":115,"column":16},"end":{"line":115,"column":null}}],"line":115},"10":{"loc":{"start":{"line":131,"column":9},"end":{"line":131,"column":null}},"type":"cond-expr","locations":[{"start":{"line":131,"column":19},"end":{"line":131,"column":35}},{"start":{"line":131,"column":35},"end":{"line":131,"column":null}}],"line":131},"11":{"loc":{"start":{"line":158,"column":4},"end":{"line":158,"column":null}},"type":"if","locations":[{"start":{"line":158,"column":4},"end":{"line":158,"column":null}},{"start":{},"end":{}}],"line":158},"12":{"loc":{"start":{"line":158,"column":8},"end":{"line":158,"column":42}},"type":"binary-expr","locations":[{"start":{"line":158,"column":8},"end":{"line":158,"column":21}},{"start":{"line":158,"column":21},"end":{"line":158,"column":42}}],"line":158},"13":{"loc":{"start":{"line":159,"column":4},"end":{"line":159,"column":null}},"type":"if","locations":[{"start":{"line":159,"column":4},"end":{"line":159,"column":null}},{"start":{},"end":{}}],"line":159},"14":{"loc":{"start":{"line":162,"column":4},"end":{"line":162,"column":null}},"type":"if","locations":[{"start":{"line":162,"column":4},"end":{"line":162,"column":null}},{"start":{},"end":{}}],"line":162},"15":{"loc":{"start":{"line":162,"column":8},"end":{"line":162,"column":31}},"type":"binary-expr","locations":[{"start":{"line":162,"column":8},"end":{"line":162,"column":20}},{"start":{"line":162,"column":20},"end":{"line":162,"column":31}}],"line":162},"16":{"loc":{"start":{"line":163,"column":4},"end":{"line":163,"column":null}},"type":"if","locations":[{"start":{"line":163,"column":4},"end":{"line":163,"column":null}},{"start":{},"end":{}}],"line":163},"17":{"loc":{"start":{"line":163,"column":8},"end":{"line":163,"column":31}},"type":"binary-expr","locations":[{"start":{"line":163,"column":8},"end":{"line":163,"column":20}},{"start":{"line":163,"column":20},"end":{"line":163,"column":31}}],"line":163},"18":{"loc":{"start":{"line":169,"column":4},"end":{"line":169,"column":null}},"type":"if","locations":[{"start":{"line":169,"column":4},"end":{"line":169,"column":null}},{"start":{},"end":{}}],"line":169},"19":{"loc":{"start":{"line":169,"column":8},"end":{"line":169,"column":38}},"type":"binary-expr","locations":[{"start":{"line":169,"column":8},"end":{"line":169,"column":17}},{"start":{"line":169,"column":17},"end":{"line":169,"column":27}},{"start":{"line":169,"column":27},"end":{"line":169,"column":38}}],"line":169},"20":{"loc":{"start":{"line":170,"column":4},"end":{"line":170,"column":null}},"type":"if","locations":[{"start":{"line":170,"column":4},"end":{"line":170,"column":null}},{"start":{},"end":{}}],"line":170},"21":{"loc":{"start":{"line":173,"column":6},"end":{"line":176,"column":null}},"type":"if","locations":[{"start":{"line":173,"column":6},"end":{"line":176,"column":null}},{"start":{},"end":{}}],"line":173},"22":{"loc":{"start":{"line":182,"column":7},"end":{"line":182,"column":null}},"type":"binary-expr","locations":[{"start":{"line":182,"column":7},"end":{"line":182,"column":16}},{"start":{"line":182,"column":16},"end":{"line":182,"column":null}}],"line":182},"23":{"loc":{"start":{"line":199,"column":9},"end":{"line":199,"column":null}},"type":"cond-expr","locations":[{"start":{"line":199,"column":19},"end":{"line":199,"column":33}},{"start":{"line":199,"column":33},"end":{"line":199,"column":null}}],"line":199},"24":{"loc":{"start":{"line":226,"column":15},"end":{"line":226,"column":74}},"type":"cond-expr","locations":[{"start":{"line":226,"column":38},"end":{"line":226,"column":52}},{"start":{"line":226,"column":52},"end":{"line":226,"column":74}}],"line":226},"25":{"loc":{"start":{"line":234,"column":4},"end":{"line":234,"column":null}},"type":"if","locations":[{"start":{"line":234,"column":4},"end":{"line":234,"column":null}},{"start":{},"end":{}}],"line":234},"26":{"loc":{"start":{"line":247,"column":4},"end":{"line":247,"column":null}},"type":"if","locations":[{"start":{"line":247,"column":4},"end":{"line":247,"column":null}},{"start":{},"end":{}}],"line":247},"27":{"loc":{"start":{"line":247,"column":8},"end":{"line":247,"column":71}},"type":"binary-expr","locations":[{"start":{"line":247,"column":8},"end":{"line":247,"column":24}},{"start":{"line":247,"column":24},"end":{"line":247,"column":47}},{"start":{"line":247,"column":47},"end":{"line":247,"column":71}}],"line":247},"28":{"loc":{"start":{"line":260,"column":2},"end":{"line":278,"column":null}},"type":"if","locations":[{"start":{"line":260,"column":2},"end":{"line":278,"column":null}},{"start":{},"end":{}}],"line":260},"29":{"loc":{"start":{"line":271,"column":11},"end":{"line":271,"column":null}},"type":"binary-expr","locations":[{"start":{"line":271,"column":11},"end":{"line":271,"column":20}},{"start":{"line":271,"column":20},"end":{"line":271,"column":null}}],"line":271},"30":{"loc":{"start":{"line":273,"column":13},"end":{"line":273,"column":null}},"type":"cond-expr","locations":[{"start":{"line":273,"column":23},"end":{"line":273,"column":38}},{"start":{"line":273,"column":38},"end":{"line":273,"column":null}}],"line":273},"31":{"loc":{"start":{"line":289,"column":9},"end":{"line":289,"column":null}},"type":"binary-expr","locations":[{"start":{"line":289,"column":9},"end":{"line":289,"column":18}},{"start":{"line":289,"column":18},"end":{"line":289,"column":null}}],"line":289},"32":{"loc":{"start":{"line":291,"column":11},"end":{"line":291,"column":null}},"type":"cond-expr","locations":[{"start":{"line":291,"column":21},"end":{"line":291,"column":34}},{"start":{"line":291,"column":34},"end":{"line":291,"column":null}}],"line":291}},"s":{"0":0,"1":0,"2":0,"3":0,"4":0,"5":0,"6":0,"7":0,"8":0,"9":0,"10":0,"11":0,"12":0,"13":0,"14":0,"15":0,"16":0,"17":0,"18":0,"19":0,"20":0,"21":0,"22":0,"23":0,"24":0,"25":0,"26":0,"27":0,"28":0,"29":0,"30":0,"31":0,"32":0,"33":0,"34":0,"35":0,"36":0,"37":0,"38":0,"39":0,"40":0,"41":0,"42":0,"43":0,"44":0,"45":0,"46":0,"47":0,"48":0,"49":0,"50":0,"51":0,"52":0,"53":0,"54":0,"55":0,"56":0,"57":0,"58":0,"59":0,"60":0,"61":0,"62":0,"63":0,"64":0,"65":0,"66":0,"67":0,"68":0,"69":0,"70":0,"71":0,"72":0,"73":0,"74":0,"75":0,"76":0,"77":0,"78":0,"79":0,"80":0,"81":0,"82":0,"83":0,"84":0,"85":0,"86":0,"87":0,"88":0,"89":0,"90":0,"91":0,"92":0,"93":0,"94":0,"95":0,"96":0,"97":0,"98":0,"99":0,"100":0,"101":0,"102":0,"103":0,"104":0,"105":0,"106":0,"107":0,"108":0,"109":0,"110":0,"111":0,"112":0,"113":0,"114":0,"115":0,"116":0,"117":0,"118":0,"119":0,"120":0,"121":0,"122":0,"123":0,"124":0,"125":0,"126":0,"127":0,"128":0},"f":{"0":0,"1":0,"2":0,"3":0,"4":0,"5":0,"6":0,"7":0,"8":0,"9":0,"10":0,"11":0,"12":0,"13":0,"14":0,"15":0,"16":0,"17":0,"18":0,"19":0,"20":0,"21":0,"22":0,"23":0,"24":0},"b":{"0":[0,0],"1":[0,0],"2":[0,0],"3":[0,0],"4":[0,0],"5":[0,0],"6":[0,0],"7":[0,0],"8":[0,0],"9":[0,0],"10":[0,0],"11":[0,0],"12":[0,0],"13":[0,0],"14":[0,0],"15":[0,0],"16":[0,0],"17":[0,0],"18":[0,0],"19":[0,0,0],"20":[0,0],"21":[0,0],"22":[0,0],"23":[0,0],"24":[0,0],"25":[0,0],"26":[0,0],"27":[0,0,0],"28":[0,0],"29":[0,0],"30":[0,0],"31":[0,0],"32":[0,0]},"meta":{"lastBranch":33,"lastFunction":25,"lastStatement":129,"seen":{"f:11:9:11:22":0,"s:12:2:18:Infinity":0,"f:22:9:22:30":1,"s:23:17:23:Infinity":1,"s:24:16:24:Infinity":2,"s:25:28:25:Infinity":3,"s:27:22:35:Infinity":4,"f:27:22:27:34":2,"s:28:4:28:Infinity":5,"s:29:4:34:Infinity":6,"s:30:6:30:Infinity":7,"s:32:6:32:Infinity":8,"b:32:35:32:49:32:49:32:82":0,"s:33:6:33:Infinity":9,"s:37:2:46:Infinity":10,"f:40:15:40:21":3,"s:40:21:40:Infinity":11,"b:44:17:44:31:44:31:44:Infinity":1,"b:45:17:45:34:45:34:45:Infinity":2,"f:50:9:50:22":4,"s:51:14:51:Infinity":12,"b:51:39:51:55:51:55:51:Infinity":3,"s:52:2:54:Infinity":13,"b:53:4:53:Infinity:undefined:undefined:undefined:undefined":4,"s:53:4:53:Infinity":14,"s:53:27:53:Infinity":15,"s:55:2:55:Infinity":16,"b:55:9:55:27:55:27:55:Infinity":5,"f:58:9:58:23":5,"s:59:24:59:Infinity":17,"s:60:28:60:Infinity":18,"s:61:16:61:Infinity":19,"s:63:14:78:Infinity":20,"f:63:14:63:Infinity":6,"s:67:4:67:Infinity":21,"s:68:4:68:Infinity":22,"s:69:4:77:Infinity":23,"s:70:6:70:Infinity":24,"s:72:22:72:Infinity":25,"s:73:6:73:Infinity":26,"s:74:6:74:Infinity":27,"s:76:6:76:Infinity":28,"s:80:2:80:Infinity":29,"s:85:45:90:Infinity":30,"f:92:16:92:28":7,"s:93:17:93:Infinity":31,"s:94:16:94:Infinity":32,"s:95:8:95:Infinity":33,"s:96:24:96:Infinity":34,"s:97:30:97:Infinity":35,"s:98:38:98:Infinity":36,"s:99:34:99:Infinity":37,"s:101:23:111:Infinity":38,"f:101:23:101:24":8,"s:102:4:102:Infinity":39,"b:103:4:103:Infinity:undefined:undefined:undefined:undefined":6,"s:103:4:103:Infinity":40,"b:103:8:103:18:103:18:103:29":7,"s:103:29:103:Infinity":41,"s:104:4:110:Infinity":42,"f:104:13:104:25":9,"s:105:21:105:Infinity":43,"b:106:6:109:Infinity:undefined:undefined:undefined:undefined":8,"s:106:6:109:Infinity":44,"s:107:8:107:Infinity":45,"s:108:8:108:Infinity":46,"s:113:2:135:Infinity":47,"b:115:7:115:16:115:16:115:Infinity":9,"f:122:22:122:28":10,"s:122:28:122:Infinity":48,"f:122:44:122:45":11,"s:122:51:122:53":49,"b:131:19:131:35:131:35:131:Infinity":10,"s:141:46:145:Infinity":50,"f:147:16:147:29":12,"s:148:17:148:Infinity":51,"s:149:16:149:Infinity":52,"s:150:8:150:Infinity":53,"s:151:22:151:Infinity":54,"s:152:24:152:Infinity":55,"s:153:30:153:Infinity":56,"s:154:38:154:Infinity":57,"s:155:34:155:Infinity":58,"s:157:8:165:Infinity":59,"f:157:27:157:33":13,"b:158:4:158:Infinity:undefined:undefined:undefined:undefined":11,"s:158:4:158:Infinity":60,"b:158:8:158:21:158:21:158:42":12,"s:158:42:158:Infinity":61,"b:159:4:159:Infinity:undefined:undefined:undefined:undefined":13,"s:159:4:159:Infinity":62,"s:159:29:159:Infinity":63,"s:160:21:160:Infinity":64,"s:161:22:161:Infinity":65,"b:162:4:162:Infinity:undefined:undefined:undefined:undefined":14,"s:162:4:162:Infinity":66,"b:162:8:162:20:162:20:162:31":15,"s:162:31:162:Infinity":67,"b:163:4:163:Infinity:undefined:undefined:undefined:undefined":16,"s:163:4:163:Infinity":68,"b:163:8:163:20:163:20:163:31":17,"s:163:31:163:Infinity":69,"s:164:4:164:Infinity":70,"s:167:23:178:Infinity":71,"f:167:23:167:24":14,"s:168:4:168:Infinity":72,"b:169:4:169:Infinity:undefined:undefined:undefined:undefined":18,"s:169:4:169:Infinity":73,"b:169:8:169:17:169:17:169:27:169:27:169:38":19,"s:169:38:169:Infinity":74,"b:170:4:170:Infinity:undefined:undefined:undefined:undefined":20,"s:170:4:170:Infinity":75,"s:170:29:170:Infinity":76,"s:171:4:177:Infinity":77,"f:171:13:171:25":15,"s:172:21:172:Infinity":78,"b:173:6:176:Infinity:undefined:undefined:undefined:undefined":21,"s:173:6:176:Infinity":79,"s:174:8:174:Infinity":80,"s:175:8:175:Infinity":81,"s:180:2:203:Infinity":82,"b:182:7:182:16:182:16:182:Infinity":22,"f:190:22:190:28":16,"s:190:28:190:Infinity":83,"f:190:44:190:45":17,"s:190:51:190:53":84,"b:199:19:199:33:199:33:199:Infinity":23,"f:209:16:209:37":18,"s:210:17:210:Infinity":85,"s:211:16:211:Infinity":86,"s:212:8:212:Infinity":87,"s:213:22:213:Infinity":88,"s:214:24:214:Infinity":89,"s:215:22:215:Infinity":90,"s:216:36:216:Infinity":91,"s:217:24:217:Infinity":92,"s:218:28:218:Infinity":93,"s:220:17:230:Infinity":94,"f:220:17:220:24":19,"s:221:4:221:Infinity":95,"s:222:4:222:Infinity":96,"s:223:4:229:Infinity":97,"s:224:6:224:Infinity":98,"s:226:6:226:Infinity":99,"b:226:38:226:52:226:52:226:74":24,"s:228:6:228:Infinity":100,"s:232:29:243:Infinity":101,"f:232:29:232:30":20,"s:233:4:233:Infinity":102,"b:234:4:234:Infinity:undefined:undefined:undefined:undefined":25,"s:234:4:234:Infinity":103,"s:234:23:234:Infinity":104,"s:235:4:242:Infinity":105,"f:235:16:235:28":21,"s:236:17:236:Infinity":106,"s:237:6:237:Infinity":107,"s:238:6:238:Infinity":108,"s:239:6:239:Infinity":109,"s:240:6:240:Infinity":110,"s:241:6:241:Infinity":111,"s:245:30:258:Infinity":112,"f:245:30:245:31":22,"s:246:4:246:Infinity":113,"b:247:4:247:Infinity:undefined:undefined:undefined:undefined":26,"s:247:4:247:Infinity":114,"b:247:8:247:24:247:24:247:47:247:47:247:71":27,"s:247:71:247:Infinity":115,"s:248:4:257:Infinity":116,"f:248:16:248:28":23,"s:249:17:249:Infinity":117,"s:250:6:250:Infinity":118,"s:251:6:251:Infinity":119,"s:252:6:252:Infinity":120,"s:253:6:253:Infinity":121,"s:254:6:254:Infinity":122,"s:255:6:255:Infinity":123,"s:256:6:256:Infinity":124,"b:260:2:278:Infinity:undefined:undefined:undefined:undefined":28,"s:260:2:278:Infinity":125,"s:261:4:276:Infinity":126,"f:263:25:263:31":24,"s:263:31:263:49":127,"b:271:11:271:20:271:20:271:Infinity":29,"b:273:23:273:38:273:38:273:Infinity":30,"s:280:2:294:Infinity":128,"b:289:9:289:18:289:18:289:Infinity":31,"b:291:21:291:34:291:34:291:Infinity":32}}}
,"/home/dacrab/Documents/GitHub/mise/src/components/dashboard/Collections.tsx": {"path":"/home/dacrab/Documents/GitHub/mise/src/components/dashboard/Collections.tsx","statementMap":{"0":{"start":{"line":12,"column":16},"end":{"line":12,"column":null}},"1":{"start":{"line":13,"column":8},"end":{"line":13,"column":null}},"2":{"start":{"line":14,"column":8},"end":{"line":14,"column":null}},"3":{"start":{"line":15,"column":8},"end":{"line":15,"column":null}},"4":{"start":{"line":17,"column":34},"end":{"line":17,"column":null}},"5":{"start":{"line":18,"column":28},"end":{"line":18,"column":null}},"6":{"start":{"line":19,"column":34},"end":{"line":19,"column":null}},"7":{"start":{"line":20,"column":32},"end":{"line":26,"column":null}},"8":{"start":{"line":22,"column":6},"end":{"line":22,"column":null}},"9":{"start":{"line":23,"column":6},"end":{"line":23,"column":null}},"10":{"start":{"line":23,"column":29},"end":{"line":23,"column":null}},"11":{"start":{"line":28,"column":8},"end":{"line":30,"column":null}},"12":{"start":{"line":32,"column":23},"end":{"line":43,"column":null}},"13":{"start":{"line":33,"column":4},"end":{"line":33,"column":null}},"14":{"start":{"line":34,"column":4},"end":{"line":34,"column":null}},"15":{"start":{"line":34,"column":25},"end":{"line":34,"column":null}},"16":{"start":{"line":35,"column":4},"end":{"line":42,"column":null}},"17":{"start":{"line":36,"column":6},"end":{"line":36,"column":null}},"18":{"start":{"line":37,"column":6},"end":{"line":37,"column":null}},"19":{"start":{"line":38,"column":6},"end":{"line":38,"column":null}},"20":{"start":{"line":39,"column":6},"end":{"line":39,"column":null}},"21":{"start":{"line":41,"column":6},"end":{"line":41,"column":null}},"22":{"start":{"line":45,"column":2},"end":{"line":137,"column":null}},"23":{"start":{"line":50,"column":25},"end":{"line":50,"column":null}},"24":{"start":{"line":60,"column":10},"end":{"line":77,"column":null}},"25":{"start":{"line":62,"column":29},"end":{"line":62,"column":null}},"26":{"start":{"line":72,"column":29},"end":{"line":72,"column":null}},"27":{"start":{"line":89,"column":31},"end":{"line":89,"column":null}},"28":{"start":{"line":99,"column":27},"end":{"line":99,"column":null}},"29":{"start":{"line":111,"column":48},"end":{"line":111,"column":68}},"30":{"start":{"line":125,"column":14},"end":{"line":132,"column":null}}},"fnMap":{"0":{"name":"Collections","decl":{"start":{"line":11,"column":16},"end":{"line":11,"column":30}},"loc":{"start":{"line":11,"column":30},"end":{"line":139,"column":null}},"line":11},"1":{"name":"(anonymous_1)","decl":{"start":{"line":21,"column":4},"end":{"line":21,"column":11}},"loc":{"start":{"line":21,"column":18},"end":{"line":24,"column":null}},"line":21},"2":{"name":"(anonymous_2)","decl":{"start":{"line":32,"column":23},"end":{"line":32,"column":30}},"loc":{"start":{"line":32,"column":53},"end":{"line":43,"column":null}},"line":32},"3":{"name":"(anonymous_3)","decl":{"start":{"line":50,"column":19},"end":{"line":50,"column":25}},"loc":{"start":{"line":50,"column":25},"end":{"line":50,"column":null}},"line":50},"4":{"name":"(anonymous_4)","decl":{"start":{"line":59,"column":25},"end":{"line":59,"column":26}},"loc":{"start":{"line":60,"column":10},"end":{"line":77,"column":null}},"line":60},"5":{"name":"(anonymous_5)","decl":{"start":{"line":62,"column":23},"end":{"line":62,"column":29}},"loc":{"start":{"line":62,"column":29},"end":{"line":62,"column":null}},"line":62},"6":{"name":"(anonymous_6)","decl":{"start":{"line":72,"column":23},"end":{"line":72,"column":29}},"loc":{"start":{"line":72,"column":29},"end":{"line":72,"column":null}},"line":72},"7":{"name":"(anonymous_7)","decl":{"start":{"line":89,"column":24},"end":{"line":89,"column":25}},"loc":{"start":{"line":89,"column":31},"end":{"line":89,"column":null}},"line":89},"8":{"name":"(anonymous_8)","decl":{"start":{"line":99,"column":21},"end":{"line":99,"column":27}},"loc":{"start":{"line":99,"column":27},"end":{"line":99,"column":null}},"line":99},"9":{"name":"(anonymous_9)","decl":{"start":{"line":111,"column":41},"end":{"line":111,"column":42}},"loc":{"start":{"line":111,"column":48},"end":{"line":111,"column":68}},"line":111},"10":{"name":"(anonymous_10)","decl":{"start":{"line":124,"column":27},"end":{"line":124,"column":28}},"loc":{"start":{"line":125,"column":14},"end":{"line":132,"column":null}},"line":125}},"branchMap":{"0":{"loc":{"start":{"line":13,"column":8},"end":{"line":13,"column":null}},"type":"binary-expr","locations":[{"start":{"line":13,"column":8},"end":{"line":13,"column":56}},{"start":{"line":13,"column":56},"end":{"line":13,"column":null}}],"line":13},"1":{"loc":{"start":{"line":23,"column":6},"end":{"line":23,"column":null}},"type":"if","locations":[{"start":{"line":23,"column":6},"end":{"line":23,"column":null}},{"start":{},"end":{}}],"line":23},"2":{"loc":{"start":{"line":28,"column":8},"end":{"line":30,"column":null}},"type":"binary-expr","locations":[{"start":{"line":28,"column":8},"end":{"line":29,"column":null}},{"start":{"line":30,"column":4},"end":{"line":30,"column":null}}],"line":28},"3":{"loc":{"start":{"line":29,"column":43},"end":{"line":29,"column":114}},"type":"cond-expr","locations":[{"start":{"line":29,"column":56},"end":{"line":29,"column":87}},{"start":{"line":29,"column":87},"end":{"line":29,"column":114}}],"line":29},"4":{"loc":{"start":{"line":34,"column":4},"end":{"line":34,"column":null}},"type":"if","locations":[{"start":{"line":34,"column":4},"end":{"line":34,"column":null}},{"start":{},"end":{}}],"line":34},"5":{"loc":{"start":{"line":52,"column":12},"end":{"line":52,"column":null}},"type":"cond-expr","locations":[{"start":{"line":52,"column":34},"end":{"line":52,"column":71}},{"start":{"line":52,"column":71},"end":{"line":52,"column":null}}],"line":52},"6":{"loc":{"start":{"line":64,"column":16},"end":{"line":64,"column":null}},"type":"cond-expr","locations":[{"start":{"line":64,"column":39},"end":{"line":64,"column":76}},{"start":{"line":64,"column":76},"end":{"line":64,"column":null}}],"line":64},"7":{"loc":{"start":{"line":80,"column":9},"end":{"line":104,"column":null}},"type":"cond-expr","locations":[{"start":{"line":81,"column":10},"end":{"line":96,"column":null}},{"start":{"line":98,"column":10},"end":{"line":104,"column":null}}],"line":80},"8":{"loc":{"start":{"line":111,"column":11},"end":{"line":111,"column":null}},"type":"cond-expr","locations":[{"start":{"line":111,"column":24},"end":{"line":111,"column":78}},{"start":{"line":111,"column":78},"end":{"line":111,"column":null}}],"line":111},"9":{"loc":{"start":{"line":114,"column":9},"end":{"line":134,"column":null}},"type":"cond-expr","locations":[{"start":{"line":115,"column":10},"end":{"line":121,"column":null}},{"start":{"line":123,"column":10},"end":{"line":134,"column":null}}],"line":114}},"s":{"0":0,"1":0,"2":0,"3":0,"4":0,"5":0,"6":0,"7":0,"8":0,"9":0,"10":0,"11":0,"12":0,"13":0,"14":0,"15":0,"16":0,"17":0,"18":0,"19":0,"20":0,"21":0,"22":0,"23":0,"24":0,"25":0,"26":0,"27":0,"28":0,"29":0,"30":0},"f":{"0":0,"1":0,"2":0,"3":0,"4":0,"5":0,"6":0,"7":0,"8":0,"9":0,"10":0},"b":{"0":[0,0],"1":[0,0],"2":[0,0],"3":[0,0],"4":[0,0],"5":[0,0],"6":[0,0],"7":[0,0],"8":[0,0],"9":[0,0]},"meta":{"lastBranch":10,"lastFunction":11,"lastStatement":31,"seen":{"f:11:16:11:30":0,"s:12:16:12:Infinity":0,"s:13:8:13:Infinity":1,"b:13:8:13:56:13:56:13:Infinity":0,"s:14:8:14:Infinity":2,"s:15:8:15:Infinity":3,"s:17:34:17:Infinity":4,"s:18:28:18:Infinity":5,"s:19:34:19:Infinity":6,"s:20:32:26:Infinity":7,"f:21:4:21:11":1,"s:22:6:22:Infinity":8,"b:23:6:23:Infinity:undefined:undefined:undefined:undefined":1,"s:23:6:23:Infinity":9,"s:23:29:23:Infinity":10,"s:28:8:30:Infinity":11,"b:28:8:29:Infinity:30:4:30:Infinity":2,"b:29:56:29:87:29:87:29:114":3,"s:32:23:43:Infinity":12,"f:32:23:32:30":2,"s:33:4:33:Infinity":13,"b:34:4:34:Infinity:undefined:undefined:undefined:undefined":4,"s:34:4:34:Infinity":14,"s:34:25:34:Infinity":15,"s:35:4:42:Infinity":16,"s:36:6:36:Infinity":17,"s:37:6:37:Infinity":18,"s:38:6:38:Infinity":19,"s:39:6:39:Infinity":20,"s:41:6:41:Infinity":21,"s:45:2:137:Infinity":22,"f:50:19:50:25":3,"s:50:25:50:Infinity":23,"b:52:34:52:71:52:71:52:Infinity":5,"f:59:25:59:26":4,"s:60:10:77:Infinity":24,"f:62:23:62:29":5,"s:62:29:62:Infinity":25,"b:64:39:64:76:64:76:64:Infinity":6,"f:72:23:72:29":6,"s:72:29:72:Infinity":26,"b:81:10:96:Infinity:98:10:104:Infinity":7,"f:89:24:89:25":7,"s:89:31:89:Infinity":27,"f:99:21:99:27":8,"s:99:27:99:Infinity":28,"b:111:24:111:78:111:78:111:Infinity":8,"f:111:41:111:42":9,"s:111:48:111:68":29,"b:115:10:121:Infinity:123:10:134:Infinity":9,"f:124:27:124:28":10,"s:125:14:132:Infinity":30}}}
,"/home/dacrab/Documents/GitHub/mise/src/components/dashboard/DashboardView.tsx": {"path":"/home/dacrab/Documents/GitHub/mise/src/components/dashboard/DashboardView.tsx","statementMap":{"0":{"start":{"line":10,"column":8},"end":{"line":10,"column":null}},"1":{"start":{"line":11,"column":8},"end":{"line":11,"column":null}},"2":{"start":{"line":12,"column":8},"end":{"line":12,"column":null}},"3":{"start":{"line":13,"column":8},"end":{"line":13,"column":null}},"4":{"start":{"line":14,"column":58},"end":{"line":17,"column":null}},"5":{"start":{"line":15,"column":20},"end":{"line":15,"column":48}},"6":{"start":{"line":19,"column":29},"end":{"line":19,"column":null}},"7":{"start":{"line":21,"column":2},"end":{"line":23,"column":null}},"8":{"start":{"line":21,"column":23},"end":{"line":21,"column":null}},"9":{"start":{"line":21,"column":33},"end":{"line":23,"column":null}},"10":{"start":{"line":22,"column":34},"end":{"line":22,"column":null}},"11":{"start":{"line":23,"column":7},"end":{"line":23,"column":null}},"12":{"start":{"line":25,"column":2},"end":{"line":50,"column":null}},"13":{"start":{"line":26,"column":4},"end":{"line":48,"column":null}},"14":{"start":{"line":34,"column":12},"end":{"line":34,"column":null}},"15":{"start":{"line":39,"column":12},"end":{"line":45,"column":null}},"16":{"start":{"line":52,"column":2},"end":{"line":149,"column":null}},"17":{"start":{"line":81,"column":10},"end":{"line":89,"column":null}},"18":{"start":{"line":113,"column":12},"end":{"line":145,"column":null}},"19":{"start":{"line":138,"column":35},"end":{"line":138,"column":null}}},"fnMap":{"0":{"name":"DashboardView","decl":{"start":{"line":9,"column":16},"end":{"line":9,"column":32}},"loc":{"start":{"line":9,"column":32},"end":{"line":151,"column":null}},"line":9},"1":{"name":"(anonymous_1)","decl":{"start":{"line":15,"column":4},"end":{"line":15,"column":11}},"loc":{"start":{"line":15,"column":18},"end":{"line":15,"column":null}},"line":15},"2":{"name":"(anonymous_2)","decl":{"start":{"line":33,"column":54},"end":{"line":33,"column":55}},"loc":{"start":{"line":34,"column":12},"end":{"line":34,"column":null}},"line":34},"3":{"name":"(anonymous_3)","decl":{"start":{"line":38,"column":41},"end":{"line":38,"column":42}},"loc":{"start":{"line":39,"column":12},"end":{"line":45,"column":null}},"line":39},"4":{"name":"(anonymous_4)","decl":{"start":{"line":80,"column":14},"end":{"line":80,"column":15}},"loc":{"start":{"line":81,"column":10},"end":{"line":89,"column":null}},"line":81},"5":{"name":"(anonymous_5)","decl":{"start":{"line":112,"column":31},"end":{"line":112,"column":32}},"loc":{"start":{"line":113,"column":12},"end":{"line":145,"column":null}},"line":113},"6":{"name":"(anonymous_6)","decl":{"start":{"line":138,"column":29},"end":{"line":138,"column":35}},"loc":{"start":{"line":138,"column":35},"end":{"line":138,"column":null}},"line":138}},"branchMap":{"0":{"loc":{"start":{"line":19,"column":10},"end":{"line":19,"column":29}},"type":"default-arg","locations":[{"start":{"line":19,"column":16},"end":{"line":19,"column":29}}],"line":19},"1":{"loc":{"start":{"line":21,"column":2},"end":{"line":23,"column":null}},"type":"if","locations":[{"start":{"line":21,"column":2},"end":{"line":23,"column":null}},{"start":{"line":21,"column":33},"end":{"line":23,"column":null}}],"line":21},"2":{"loc":{"start":{"line":21,"column":33},"end":{"line":23,"column":null}},"type":"if","locations":[{"start":{"line":21,"column":33},"end":{"line":23,"column":null}},{"start":{"line":23,"column":7},"end":{"line":23,"column":null}}],"line":21},"3":{"loc":{"start":{"line":25,"column":2},"end":{"line":50,"column":null}},"type":"if","locations":[{"start":{"line":25,"column":2},"end":{"line":50,"column":null}},{"start":{},"end":{}}],"line":25},"4":{"loc":{"start":{"line":25,"column":6},"end":{"line":25,"column":65}},"type":"binary-expr","locations":[{"start":{"line":25,"column":6},"end":{"line":25,"column":16}},{"start":{"line":25,"column":16},"end":{"line":25,"column":41}},{"start":{"line":25,"column":41},"end":{"line":25,"column":65}}],"line":25},"5":{"loc":{"start":{"line":59,"column":29},"end":{"line":59,"column":null}},"type":"binary-expr","locations":[{"start":{"line":59,"column":29},"end":{"line":59,"column":57}},{"start":{"line":59,"column":57},"end":{"line":59,"column":null}}],"line":59},"6":{"loc":{"start":{"line":64,"column":76},"end":{"line":64,"column":99}},"type":"binary-expr","locations":[{"start":{"line":64,"column":76},"end":{"line":64,"column":95}},{"start":{"line":64,"column":95},"end":{"line":64,"column":99}}],"line":64},"7":{"loc":{"start":{"line":68,"column":76},"end":{"line":68,"column":103}},"type":"binary-expr","locations":[{"start":{"line":68,"column":76},"end":{"line":68,"column":99}},{"start":{"line":68,"column":99},"end":{"line":68,"column":103}}],"line":68},"8":{"loc":{"start":{"line":85,"column":26},"end":{"line":85,"column":null}},"type":"cond-expr","locations":[{"start":{"line":85,"column":41},"end":{"line":85,"column":50}},{"start":{"line":85,"column":50},"end":{"line":85,"column":null}}],"line":85},"9":{"loc":{"start":{"line":86,"column":62},"end":{"line":86,"column":168}},"type":"cond-expr","locations":[{"start":{"line":86,"column":77},"end":{"line":86,"column":111}},{"start":{"line":86,"column":111},"end":{"line":86,"column":168}}],"line":86},"10":{"loc":{"start":{"line":93,"column":7},"end":{"line":147,"column":null}},"type":"cond-expr","locations":[{"start":{"line":94,"column":8},"end":{"line":94,"column":null}},{"start":{"line":95,"column":10},"end":{"line":147,"column":null}}],"line":93},"11":{"loc":{"start":{"line":95,"column":10},"end":{"line":147,"column":null}},"type":"cond-expr","locations":[{"start":{"line":96,"column":8},"end":{"line":109,"column":null}},{"start":{"line":111,"column":8},"end":{"line":147,"column":null}}],"line":95},"12":{"loc":{"start":{"line":95,"column":10},"end":{"line":95,"column":null}},"type":"binary-expr","locations":[{"start":{"line":95,"column":10},"end":{"line":95,"column":35}},{"start":{"line":95,"column":35},"end":{"line":95,"column":null}}],"line":95},"13":{"loc":{"start":{"line":102,"column":13},"end":{"line":102,"column":null}},"type":"cond-expr","locations":[{"start":{"line":102,"column":31},"end":{"line":102,"column":74}},{"start":{"line":102,"column":74},"end":{"line":102,"column":null}}],"line":102},"14":{"loc":{"start":{"line":104,"column":11},"end":{"line":107,"column":null}},"type":"binary-expr","locations":[{"start":{"line":104,"column":11},"end":{"line":104,"column":null}},{"start":{"line":105,"column":12},"end":{"line":107,"column":null}}],"line":104},"15":{"loc":{"start":{"line":112,"column":12},"end":{"line":112,"column":27}},"type":"binary-expr","locations":[{"start":{"line":112,"column":12},"end":{"line":112,"column":23}},{"start":{"line":112,"column":23},"end":{"line":112,"column":27}}],"line":112},"16":{"loc":{"start":{"line":115,"column":17},"end":{"line":120,"column":null}},"type":"cond-expr","locations":[{"start":{"line":116,"column":18},"end":{"line":116,"column":null}},{"start":{"line":118,"column":18},"end":{"line":120,"column":null}}],"line":115},"17":{"loc":{"start":{"line":126,"column":19},"end":{"line":126,"column":null}},"type":"binary-expr","locations":[{"start":{"line":126,"column":19},"end":{"line":126,"column":43}},{"start":{"line":126,"column":43},"end":{"line":126,"column":null}}],"line":126},"18":{"loc":{"start":{"line":132,"column":15},"end":{"line":143,"column":null}},"type":"binary-expr","locations":[{"start":{"line":132,"column":15},"end":{"line":132,"column":null}},{"start":{"line":133,"column":16},"end":{"line":143,"column":null}}],"line":132},"19":{"loc":{"start":{"line":139,"column":64},"end":{"line":139,"column":141}},"type":"cond-expr","locations":[{"start":{"line":139,"column":90},"end":{"line":139,"column":124}},{"start":{"line":139,"column":124},"end":{"line":139,"column":141}}],"line":139},"20":{"loc":{"start":{"line":141,"column":21},"end":{"line":141,"column":null}},"type":"cond-expr","locations":[{"start":{"line":141,"column":47},"end":{"line":141,"column":60}},{"start":{"line":141,"column":60},"end":{"line":141,"column":null}}],"line":141}},"s":{"0":0,"1":0,"2":0,"3":0,"4":0,"5":0,"6":0,"7":0,"8":0,"9":0,"10":0,"11":0,"12":0,"13":0,"14":0,"15":0,"16":0,"17":0,"18":0,"19":0},"f":{"0":0,"1":0,"2":0,"3":0,"4":0,"5":0,"6":0},"b":{"0":[0],"1":[0,0],"2":[0,0],"3":[0,0],"4":[0,0,0],"5":[0,0],"6":[0,0],"7":[0,0],"8":[0,0],"9":[0,0],"10":[0,0],"11":[0,0],"12":[0,0],"13":[0,0],"14":[0,0],"15":[0,0],"16":[0,0],"17":[0,0],"18":[0,0],"19":[0,0],"20":[0,0]},"meta":{"lastBranch":21,"lastFunction":7,"lastStatement":20,"seen":{"f:9:16:9:32":0,"s:10:8:10:Infinity":0,"s:11:8:11:Infinity":1,"s:12:8:12:Infinity":2,"s:13:8:13:Infinity":3,"s:14:58:17:Infinity":4,"f:15:4:15:11":1,"s:15:20:15:48":5,"s:19:29:19:Infinity":6,"b:19:16:19:29":0,"b:21:2:23:Infinity:21:33:23:Infinity":1,"s:21:2:23:Infinity":7,"s:21:23:21:Infinity":8,"b:21:33:23:Infinity:23:7:23:Infinity":2,"s:21:33:23:Infinity":9,"s:22:34:22:Infinity":10,"s:23:7:23:Infinity":11,"b:25:2:50:Infinity:undefined:undefined:undefined:undefined":3,"s:25:2:50:Infinity":12,"b:25:6:25:16:25:16:25:41:25:41:25:65":4,"s:26:4:48:Infinity":13,"f:33:54:33:55":2,"s:34:12:34:Infinity":14,"f:38:41:38:42":3,"s:39:12:45:Infinity":15,"s:52:2:149:Infinity":16,"b:59:29:59:57:59:57:59:Infinity":5,"b:64:76:64:95:64:95:64:99":6,"b:68:76:68:99:68:99:68:103":7,"f:80:14:80:15":4,"s:81:10:89:Infinity":17,"b:85:41:85:50:85:50:85:Infinity":8,"b:86:77:86:111:86:111:86:168":9,"b:94:8:94:Infinity:95:10:147:Infinity":10,"b:96:8:109:Infinity:111:8:147:Infinity":11,"b:95:10:95:35:95:35:95:Infinity":12,"b:102:31:102:74:102:74:102:Infinity":13,"b:104:11:104:Infinity:105:12:107:Infinity":14,"b:112:12:112:23:112:23:112:27":15,"f:112:31:112:32":5,"s:113:12:145:Infinity":18,"b:116:18:116:Infinity:118:18:120:Infinity":16,"b:126:19:126:43:126:43:126:Infinity":17,"b:132:15:132:Infinity:133:16:143:Infinity":18,"f:138:29:138:35":6,"s:138:35:138:Infinity":19,"b:139:90:139:124:139:124:139:141":19,"b:141:47:141:60:141:60:141:Infinity":20}}}
,"/home/dacrab/Documents/GitHub/mise/src/components/layout/Header.tsx": {"path":"/home/dacrab/Documents/GitHub/mise/src/components/layout/Header.tsx","statementMap":{"0":{"start":{"line":20,"column":8},"end":{"line":20,"column":null}},"1":{"start":{"line":21,"column":18},"end":{"line":21,"column":null}},"2":{"start":{"line":22,"column":8},"end":{"line":22,"column":null}},"3":{"start":{"line":23,"column":34},"end":{"line":23,"column":null}},"4":{"start":{"line":24,"column":8},"end":{"line":24,"column":null}},"5":{"start":{"line":26,"column":8},"end":{"line":30,"column":null}},"6":{"start":{"line":27,"column":4},"end":{"line":27,"column":null}},"7":{"start":{"line":28,"column":4},"end":{"line":28,"column":null}},"8":{"start":{"line":29,"column":4},"end":{"line":29,"column":null}},"9":{"start":{"line":32,"column":2},"end":{"line":43,"column":null}},"10":{"start":{"line":33,"column":4},"end":{"line":33,"column":null}},"11":{"start":{"line":33,"column":21},"end":{"line":33,"column":null}},"12":{"start":{"line":34,"column":22},"end":{"line":36,"column":null}},"13":{"start":{"line":35,"column":6},"end":{"line":35,"column":null}},"14":{"start":{"line":35,"column":30},"end":{"line":35,"column":null}},"15":{"start":{"line":37,"column":4},"end":{"line":37,"column":null}},"16":{"start":{"line":38,"column":4},"end":{"line":38,"column":null}},"17":{"start":{"line":39,"column":4},"end":{"line":42,"column":null}},"18":{"start":{"line":40,"column":6},"end":{"line":40,"column":null}},"19":{"start":{"line":41,"column":6},"end":{"line":41,"column":null}},"20":{"start":{"line":45,"column":2},"end":{"line":207,"column":null}},"21":{"start":{"line":108,"column":29},"end":{"line":108,"column":null}},"22":{"start":{"line":124,"column":25},"end":{"line":124,"column":null}},"23":{"start":{"line":139,"column":27},"end":{"line":139,"column":null}}},"fnMap":{"0":{"name":"Header","decl":{"start":{"line":19,"column":16},"end":{"line":19,"column":25}},"loc":{"start":{"line":19,"column":25},"end":{"line":209,"column":null}},"line":19},"1":{"name":"(anonymous_1)","decl":{"start":{"line":26,"column":36},"end":{"line":26,"column":48}},"loc":{"start":{"line":26,"column":48},"end":{"line":30,"column":5}},"line":26},"2":{"name":"(anonymous_2)","decl":{"start":{"line":32,"column":12},"end":{"line":32,"column":18}},"loc":{"start":{"line":32,"column":18},"end":{"line":43,"column":5}},"line":32},"3":{"name":"(anonymous_3)","decl":{"start":{"line":34,"column":22},"end":{"line":34,"column":23}},"loc":{"start":{"line":34,"column":44},"end":{"line":36,"column":null}},"line":34},"4":{"name":"(anonymous_4)","decl":{"start":{"line":39,"column":11},"end":{"line":39,"column":17}},"loc":{"start":{"line":39,"column":17},"end":{"line":42,"column":null}},"line":39},"5":{"name":"(anonymous_5)","decl":{"start":{"line":108,"column":23},"end":{"line":108,"column":29}},"loc":{"start":{"line":108,"column":29},"end":{"line":108,"column":null}},"line":108},"6":{"name":"(anonymous_6)","decl":{"start":{"line":124,"column":19},"end":{"line":124,"column":25}},"loc":{"start":{"line":124,"column":25},"end":{"line":124,"column":null}},"line":124},"7":{"name":"(anonymous_7)","decl":{"start":{"line":139,"column":21},"end":{"line":139,"column":27}},"loc":{"start":{"line":139,"column":27},"end":{"line":139,"column":null}},"line":139}},"branchMap":{"0":{"loc":{"start":{"line":33,"column":4},"end":{"line":33,"column":null}},"type":"if","locations":[{"start":{"line":33,"column":4},"end":{"line":33,"column":null}},{"start":{},"end":{}}],"line":33},"1":{"loc":{"start":{"line":35,"column":6},"end":{"line":35,"column":null}},"type":"if","locations":[{"start":{"line":35,"column":6},"end":{"line":35,"column":null}},{"start":{},"end":{}}],"line":35},"2":{"loc":{"start":{"line":58,"column":13},"end":{"line":101,"column":null}},"type":"cond-expr","locations":[{"start":{"line":59,"column":14},"end":{"line":96,"column":null}},{"start":{"line":97,"column":16},"end":{"line":101,"column":null}}],"line":58},"3":{"loc":{"start":{"line":63,"column":33},"end":{"line":63,"column":69}},"type":"binary-expr","locations":[{"start":{"line":63,"column":33},"end":{"line":63,"column":57}},{"start":{"line":63,"column":57},"end":{"line":63,"column":69}}],"line":63},"4":{"loc":{"start":{"line":64,"column":56},"end":{"line":64,"column":91}},"type":"binary-expr","locations":[{"start":{"line":64,"column":56},"end":{"line":64,"column":84}},{"start":{"line":64,"column":84},"end":{"line":64,"column":91}}],"line":64},"5":{"loc":{"start":{"line":97,"column":16},"end":{"line":101,"column":null}},"type":"cond-expr","locations":[{"start":{"line":98,"column":14},"end":{"line":100,"column":null}},{"start":{"line":101,"column":16},"end":{"line":101,"column":null}}],"line":97},"6":{"loc":{"start":{"line":106,"column":13},"end":{"line":106,"column":null}},"type":"binary-expr","locations":[{"start":{"line":106,"column":13},"end":{"line":106,"column":21}},{"start":{"line":106,"column":21},"end":{"line":106,"column":null}}],"line":106},"7":{"loc":{"start":{"line":120,"column":7},"end":{"line":125,"column":null}},"type":"binary-expr","locations":[{"start":{"line":120,"column":7},"end":{"line":120,"column":null}},{"start":{"line":121,"column":8},"end":{"line":125,"column":null}}],"line":120},"8":{"loc":{"start":{"line":134,"column":146},"end":{"line":134,"column":195}},"type":"cond-expr","locations":[{"start":{"line":134,"column":159},"end":{"line":134,"column":177}},{"start":{"line":134,"column":177},"end":{"line":134,"column":195}}],"line":134},"9":{"loc":{"start":{"line":148,"column":11},"end":{"line":189,"column":null}},"type":"cond-expr","locations":[{"start":{"line":149,"column":12},"end":{"line":180,"column":null}},{"start":{"line":182,"column":12},"end":{"line":189,"column":null}}],"line":148},"10":{"loc":{"start":{"line":151,"column":29},"end":{"line":151,"column":65}},"type":"binary-expr","locations":[{"start":{"line":151,"column":29},"end":{"line":151,"column":53}},{"start":{"line":151,"column":53},"end":{"line":151,"column":65}}],"line":151},"11":{"loc":{"start":{"line":153,"column":69},"end":{"line":153,"column":89}},"type":"binary-expr","locations":[{"start":{"line":153,"column":69},"end":{"line":153,"column":82}},{"start":{"line":153,"column":82},"end":{"line":153,"column":89}}],"line":153},"12":{"loc":{"start":{"line":154,"column":19},"end":{"line":154,"column":null}},"type":"binary-expr","locations":[{"start":{"line":154,"column":19},"end":{"line":154,"column":36}},{"start":{"line":154,"column":36},"end":{"line":154,"column":null}}],"line":154}},"s":{"0":0,"1":0,"2":0,"3":0,"4":0,"5":0,"6":0,"7":0,"8":0,"9":0,"10":0,"11":0,"12":0,"13":0,"14":0,"15":0,"16":0,"17":0,"18":0,"19":0,"20":0,"21":0,"22":0,"23":0},"f":{"0":0,"1":0,"2":0,"3":0,"4":0,"5":0,"6":0,"7":0},"b":{"0":[0,0],"1":[0,0],"2":[0,0],"3":[0,0],"4":[0,0],"5":[0,0],"6":[0,0],"7":[0,0],"8":[0,0],"9":[0,0],"10":[0,0],"11":[0,0],"12":[0,0]},"meta":{"lastBranch":13,"lastFunction":8,"lastStatement":24,"seen":{"f:19:16:19:25":0,"s:20:8:20:Infinity":0,"s:21:18:21:Infinity":1,"s:22:8:22:Infinity":2,"s:23:34:23:Infinity":3,"s:24:8:24:Infinity":4,"s:26:8:30:Infinity":5,"f:26:36:26:48":1,"s:27:4:27:Infinity":6,"s:28:4:28:Infinity":7,"s:29:4:29:Infinity":8,"s:32:2:43:Infinity":9,"f:32:12:32:18":2,"b:33:4:33:Infinity:undefined:undefined:undefined:undefined":0,"s:33:4:33:Infinity":10,"s:33:21:33:Infinity":11,"s:34:22:36:Infinity":12,"f:34:22:34:23":3,"b:35:6:35:Infinity:undefined:undefined:undefined:undefined":1,"s:35:6:35:Infinity":13,"s:35:30:35:Infinity":14,"s:37:4:37:Infinity":15,"s:38:4:38:Infinity":16,"s:39:4:42:Infinity":17,"f:39:11:39:17":4,"s:40:6:40:Infinity":18,"s:41:6:41:Infinity":19,"s:45:2:207:Infinity":20,"b:59:14:96:Infinity:97:16:101:Infinity":2,"b:63:33:63:57:63:57:63:69":3,"b:64:56:64:84:64:84:64:91":4,"b:98:14:100:Infinity:101:16:101:Infinity":5,"b:106:13:106:21:106:21:106:Infinity":6,"f:108:23:108:29":5,"s:108:29:108:Infinity":21,"b:120:7:120:Infinity:121:8:125:Infinity":7,"f:124:19:124:25":6,"s:124:25:124:Infinity":22,"b:134:159:134:177:134:177:134:195":8,"f:139:21:139:27":7,"s:139:27:139:Infinity":23,"b:149:12:180:Infinity:182:12:189:Infinity":9,"b:151:29:151:53:151:53:151:65":10,"b:153:69:153:82:153:82:153:89":11,"b:154:19:154:36:154:36:154:Infinity":12}}}
,"/home/dacrab/Documents/GitHub/mise/src/components/layout/PageLayout.tsx": {"path":"/home/dacrab/Documents/GitHub/mise/src/components/layout/PageLayout.tsx","statementMap":{"0":{"start":{"line":5,"column":2},"end":{"line":32,"column":null}},"1":{"start":{"line":37,"column":2},"end":{"line":42,"column":null}},"2":{"start":{"line":55,"column":2},"end":{"line":66,"column":null}},"3":{"start":{"line":81,"column":17},"end":{"line":84,"column":null}},"4":{"start":{"line":86,"column":2},"end":{"line":106,"column":null}},"5":{"start":{"line":119,"column":2},"end":{"line":130,"column":null}}},"fnMap":{"0":{"name":"Footer","decl":{"start":{"line":4,"column":9},"end":{"line":4,"column":18}},"loc":{"start":{"line":4,"column":18},"end":{"line":34,"column":null}},"line":4},"1":{"name":"PageLayout","decl":{"start":{"line":36,"column":16},"end":{"line":36,"column":27}},"loc":{"start":{"line":36,"column":108},"end":{"line":44,"column":null}},"line":36},"2":{"name":"SimpleLayout","decl":{"start":{"line":46,"column":16},"end":{"line":46,"column":29}},"loc":{"start":{"line":54,"column":3},"end":{"line":68,"column":null}},"line":54},"3":{"name":"AuthLayout","decl":{"start":{"line":70,"column":16},"end":{"line":70,"column":27}},"loc":{"start":{"line":80,"column":3},"end":{"line":108,"column":null}},"line":80},"4":{"name":"ErrorPage","decl":{"start":{"line":110,"column":16},"end":{"line":110,"column":26}},"loc":{"start":{"line":118,"column":3},"end":{"line":132,"column":null}},"line":118}},"branchMap":{"0":{"loc":{"start":{"line":36,"column":39},"end":{"line":36,"column":54}},"type":"default-arg","locations":[{"start":{"line":36,"column":51},"end":{"line":36,"column":54}}],"line":36},"1":{"loc":{"start":{"line":48,"column":2},"end":{"line":48,"column":null}},"type":"default-arg","locations":[{"start":{"line":48,"column":11},"end":{"line":48,"column":null}}],"line":48},"2":{"loc":{"start":{"line":49,"column":2},"end":{"line":49,"column":null}},"type":"default-arg","locations":[{"start":{"line":49,"column":14},"end":{"line":49,"column":null}}],"line":49},"3":{"loc":{"start":{"line":113,"column":2},"end":{"line":113,"column":null}},"type":"default-arg","locations":[{"start":{"line":113,"column":17},"end":{"line":113,"column":null}}],"line":113},"4":{"loc":{"start":{"line":123,"column":9},"end":{"line":123,"column":null}},"type":"binary-expr","locations":[{"start":{"line":123,"column":9},"end":{"line":123,"column":20}},{"start":{"line":123,"column":20},"end":{"line":123,"column":null}}],"line":123},"5":{"loc":{"start":{"line":124,"column":9},"end":{"line":127,"column":null}},"type":"binary-expr","locations":[{"start":{"line":124,"column":9},"end":{"line":124,"column":null}},{"start":{"line":125,"column":10},"end":{"line":127,"column":null}}],"line":124}},"s":{"0":0,"1":0,"2":0,"3":0,"4":0,"5":0},"f":{"0":0,"1":0,"2":0,"3":0,"4":0},"b":{"0":[0],"1":[0],"2":[0],"3":[0],"4":[0,0],"5":[0,0]},"meta":{"lastBranch":6,"lastFunction":5,"lastStatement":6,"seen":{"f:4:9:4:18":0,"s:5:2:32:Infinity":0,"f:36:16:36:27":1,"b:36:51:36:54":0,"s:37:2:42:Infinity":1,"f:46:16:46:29":2,"b:48:11:48:Infinity":1,"b:49:14:49:Infinity":2,"s:55:2:66:Infinity":2,"f:70:16:70:27":3,"s:81:17:84:Infinity":3,"s:86:2:106:Infinity":4,"f:110:16:110:26":4,"b:113:17:113:Infinity":3,"s:119:2:130:Infinity":5,"b:123:9:123:20:123:20:123:Infinity":4,"b:124:9:124:Infinity:125:10:127:Infinity":5}}}
,"/home/dacrab/Documents/GitHub/mise/src/components/recipe/RecipeEditor.tsx": {"path":"/home/dacrab/Documents/GitHub/mise/src/components/recipe/RecipeEditor.tsx","statementMap":{"0":{"start":{"line":17,"column":21},"end":{"line":17,"column":null}},"1":{"start":{"line":18,"column":19},"end":{"line":18,"column":null}},"2":{"start":{"line":36,"column":19},"end":{"line":40,"column":null}},"3":{"start":{"line":37,"column":2},"end":{"line":40,"column":null}},"4":{"start":{"line":39,"column":21},"end":{"line":39,"column":81}},"5":{"start":{"line":40,"column":21},"end":{"line":40,"column":49}},"6":{"start":{"line":42,"column":21},"end":{"line":55,"column":null}},"7":{"start":{"line":52,"column":21},"end":{"line":52,"column":57}},"8":{"start":{"line":80,"column":16},"end":{"line":80,"column":null}},"9":{"start":{"line":81,"column":8},"end":{"line":81,"column":null}},"10":{"start":{"line":82,"column":8},"end":{"line":82,"column":null}},"11":{"start":{"line":84,"column":28},"end":{"line":84,"column":null}},"12":{"start":{"line":85,"column":32},"end":{"line":85,"column":null}},"13":{"start":{"line":86,"column":34},"end":{"line":86,"column":null}},"14":{"start":{"line":87,"column":40},"end":{"line":87,"column":null}},"15":{"start":{"line":90,"column":8},"end":{"line":90,"column":null}},"16":{"start":{"line":100,"column":2},"end":{"line":114,"column":null}},"17":{"start":{"line":111,"column":66},"end":{"line":111,"column":79}},"18":{"start":{"line":112,"column":54},"end":{"line":112,"column":67}},"19":{"start":{"line":120,"column":2},"end":{"line":123,"column":null}},"20":{"start":{"line":129,"column":2},"end":{"line":132,"column":null}},"21":{"start":{"line":135,"column":8},"end":{"line":135,"column":null}},"22":{"start":{"line":135,"column":64},"end":{"line":135,"column":89}},"23":{"start":{"line":135,"column":79},"end":{"line":135,"column":86}},"24":{"start":{"line":138,"column":24},"end":{"line":138,"column":null}},"25":{"start":{"line":141,"column":2},"end":{"line":147,"column":null}},"26":{"start":{"line":142,"column":20},"end":{"line":144,"column":null}},"27":{"start":{"line":143,"column":6},"end":{"line":143,"column":null}},"28":{"start":{"line":143,"column":19},"end":{"line":143,"column":null}},"29":{"start":{"line":145,"column":4},"end":{"line":145,"column":null}},"30":{"start":{"line":146,"column":4},"end":{"line":146,"column":null}},"31":{"start":{"line":146,"column":17},"end":{"line":146,"column":null}},"32":{"start":{"line":149,"column":8},"end":{"line":149,"column":null}},"33":{"start":{"line":150,"column":8},"end":{"line":150,"column":null}},"34":{"start":{"line":151,"column":8},"end":{"line":151,"column":null}},"35":{"start":{"line":152,"column":8},"end":{"line":152,"column":null}},"36":{"start":{"line":153,"column":2},"end":{"line":153,"column":null}},"37":{"start":{"line":159,"column":2},"end":{"line":167,"column":null}},"38":{"start":{"line":159,"column":26},"end":{"line":159,"column":47}},"39":{"start":{"line":161,"column":6},"end":{"line":161,"column":null}},"40":{"start":{"line":161,"column":46},"end":{"line":161,"column":null}},"41":{"start":{"line":162,"column":6},"end":{"line":162,"column":null}},"42":{"start":{"line":163,"column":6},"end":{"line":163,"column":null}},"43":{"start":{"line":164,"column":6},"end":{"line":164,"column":null}},"44":{"start":{"line":166,"column":19},"end":{"line":166,"column":null}},"45":{"start":{"line":170,"column":2},"end":{"line":201,"column":null}},"46":{"start":{"line":171,"column":4},"end":{"line":171,"column":null}},"47":{"start":{"line":171,"column":40},"end":{"line":171,"column":null}},"48":{"start":{"line":172,"column":21},"end":{"line":172,"column":null}},"49":{"start":{"line":173,"column":21},"end":{"line":199,"column":null}},"50":{"start":{"line":174,"column":6},"end":{"line":174,"column":null}},"51":{"start":{"line":174,"column":20},"end":{"line":174,"column":null}},"52":{"start":{"line":175,"column":6},"end":{"line":198,"column":null}},"53":{"start":{"line":176,"column":33},"end":{"line":176,"column":null}},"54":{"start":{"line":177,"column":27},"end":{"line":177,"column":null}},"55":{"start":{"line":179,"column":8},"end":{"line":194,"column":null}},"56":{"start":{"line":195,"column":8},"end":{"line":195,"column":null}},"57":{"start":{"line":200,"column":4},"end":{"line":200,"column":null}},"58":{"start":{"line":200,"column":17},"end":{"line":200,"column":null}},"59":{"start":{"line":204,"column":2},"end":{"line":209,"column":null}},"60":{"start":{"line":205,"column":10},"end":{"line":207,"column":null}},"61":{"start":{"line":206,"column":6},"end":{"line":206,"column":null}},"62":{"start":{"line":206,"column":46},"end":{"line":206,"column":null}},"63":{"start":{"line":212,"column":21},"end":{"line":212,"column":null}},"64":{"start":{"line":213,"column":2},"end":{"line":215,"column":null}},"65":{"start":{"line":214,"column":4},"end":{"line":214,"column":null}},"66":{"start":{"line":214,"column":20},"end":{"line":214,"column":null}},"67":{"start":{"line":217,"column":2},"end":{"line":219,"column":null}},"68":{"start":{"line":218,"column":4},"end":{"line":218,"column":null}},"69":{"start":{"line":220,"column":2},"end":{"line":220,"column":null}},"70":{"start":{"line":220,"column":21},"end":{"line":220,"column":null}},"71":{"start":{"line":222,"column":23},"end":{"line":226,"column":null}},"72":{"start":{"line":223,"column":17},"end":{"line":223,"column":null}},"73":{"start":{"line":224,"column":4},"end":{"line":224,"column":null}},"74":{"start":{"line":224,"column":15},"end":{"line":224,"column":null}},"75":{"start":{"line":225,"column":4},"end":{"line":225,"column":null}},"76":{"start":{"line":228,"column":19},"end":{"line":276,"column":null}},"77":{"start":{"line":229,"column":19},"end":{"line":229,"column":null}},"78":{"start":{"line":230,"column":4},"end":{"line":230,"column":null}},"79":{"start":{"line":230,"column":17},"end":{"line":230,"column":null}},"80":{"start":{"line":232,"column":29},"end":{"line":232,"column":null}},"81":{"start":{"line":233,"column":23},"end":{"line":233,"column":null}},"82":{"start":{"line":235,"column":4},"end":{"line":238,"column":null}},"83":{"start":{"line":236,"column":6},"end":{"line":236,"column":null}},"84":{"start":{"line":237,"column":6},"end":{"line":237,"column":null}},"85":{"start":{"line":239,"column":4},"end":{"line":242,"column":null}},"86":{"start":{"line":240,"column":6},"end":{"line":240,"column":null}},"87":{"start":{"line":241,"column":6},"end":{"line":241,"column":null}},"88":{"start":{"line":245,"column":4},"end":{"line":245,"column":null}},"89":{"start":{"line":246,"column":4},"end":{"line":275,"column":null}},"90":{"start":{"line":247,"column":22},"end":{"line":260,"column":null}},"91":{"start":{"line":262,"column":6},"end":{"line":268,"column":null}},"92":{"start":{"line":263,"column":8},"end":{"line":263,"column":null}},"93":{"start":{"line":264,"column":8},"end":{"line":264,"column":null}},"94":{"start":{"line":266,"column":8},"end":{"line":266,"column":null}},"95":{"start":{"line":267,"column":8},"end":{"line":267,"column":null}},"96":{"start":{"line":269,"column":6},"end":{"line":269,"column":null}},"97":{"start":{"line":271,"column":6},"end":{"line":271,"column":null}},"98":{"start":{"line":273,"column":6},"end":{"line":273,"column":null}},"99":{"start":{"line":274,"column":6},"end":{"line":274,"column":null}},"100":{"start":{"line":278,"column":27},"end":{"line":281,"column":null}},"101":{"start":{"line":279,"column":4},"end":{"line":279,"column":null}},"102":{"start":{"line":280,"column":4},"end":{"line":280,"column":null}},"103":{"start":{"line":283,"column":29},"end":{"line":286,"column":null}},"104":{"start":{"line":284,"column":4},"end":{"line":284,"column":null}},"105":{"start":{"line":285,"column":4},"end":{"line":285,"column":null}},"106":{"start":{"line":288,"column":2},"end":{"line":583,"column":null}},"107":{"start":{"line":314,"column":14},"end":{"line":314,"column":null}},"108":{"start":{"line":314,"column":34},"end":{"line":314,"column":null}},"109":{"start":{"line":315,"column":14},"end":{"line":315,"column":null}},"110":{"start":{"line":315,"column":40},"end":{"line":315,"column":null}},"111":{"start":{"line":316,"column":14},"end":{"line":321,"column":null}},"112":{"start":{"line":317,"column":16},"end":{"line":320,"column":null}},"113":{"start":{"line":317,"column":39},"end":{"line":320,"column":18}},"114":{"start":{"line":319,"column":64},"end":{"line":319,"column":77}},"115":{"start":{"line":322,"column":14},"end":{"line":324,"column":null}},"116":{"start":{"line":323,"column":16},"end":{"line":323,"column":null}},"117":{"start":{"line":323,"column":39},"end":{"line":323,"column":107}},"118":{"start":{"line":323,"column":90},"end":{"line":323,"column":103}},"119":{"start":{"line":325,"column":14},"end":{"line":325,"column":null}},"120":{"start":{"line":325,"column":37},"end":{"line":325,"column":null}},"121":{"start":{"line":326,"column":14},"end":{"line":326,"column":null}},"122":{"start":{"line":326,"column":37},"end":{"line":326,"column":null}},"123":{"start":{"line":327,"column":14},"end":{"line":327,"column":null}},"124":{"start":{"line":327,"column":37},"end":{"line":327,"column":null}},"125":{"start":{"line":328,"column":14},"end":{"line":328,"column":null}},"126":{"start":{"line":328,"column":37},"end":{"line":328,"column":null}},"127":{"start":{"line":329,"column":14},"end":{"line":329,"column":null}},"128":{"start":{"line":363,"column":20},"end":{"line":369,"column":null}},"129":{"start":{"line":367,"column":54},"end":{"line":367,"column":77}},"130":{"start":{"line":381,"column":20},"end":{"line":387,"column":null}},"131":{"start":{"line":385,"column":93},"end":{"line":385,"column":116}},"132":{"start":{"line":471,"column":16},"end":{"line":492,"column":null}},"133":{"start":{"line":485,"column":35},"end":{"line":485,"column":null}},"134":{"start":{"line":495,"column":31},"end":{"line":495,"column":null}},"135":{"start":{"line":509,"column":16},"end":{"line":530,"column":null}},"136":{"start":{"line":522,"column":37},"end":{"line":522,"column":null}},"137":{"start":{"line":533,"column":31},"end":{"line":533,"column":null}}},"fnMap":{"0":{"name":"(anonymous_0)","decl":{"start":{"line":36,"column":19},"end":{"line":36,"column":20}},"loc":{"start":{"line":37,"column":2},"end":{"line":40,"column":null}},"line":37},"1":{"name":"(anonymous_1)","decl":{"start":{"line":39,"column":12},"end":{"line":39,"column":13}},"loc":{"start":{"line":39,"column":21},"end":{"line":39,"column":81}},"line":39},"2":{"name":"(anonymous_2)","decl":{"start":{"line":40,"column":12},"end":{"line":40,"column":13}},"loc":{"start":{"line":40,"column":21},"end":{"line":40,"column":49}},"line":40},"3":{"name":"(anonymous_3)","decl":{"start":{"line":52,"column":12},"end":{"line":52,"column":13}},"loc":{"start":{"line":52,"column":21},"end":{"line":52,"column":57}},"line":52},"4":{"name":"RecipeEditor","decl":{"start":{"line":79,"column":16},"end":{"line":79,"column":29}},"loc":{"start":{"line":79,"column":64},"end":{"line":585,"column":null}},"line":79},"5":{"name":"(anonymous_5)","decl":{"start":{"line":111,"column":58},"end":{"line":111,"column":59}},"loc":{"start":{"line":111,"column":66},"end":{"line":111,"column":79}},"line":111},"6":{"name":"(anonymous_6)","decl":{"start":{"line":112,"column":46},"end":{"line":112,"column":47}},"loc":{"start":{"line":112,"column":54},"end":{"line":112,"column":67}},"line":112},"7":{"name":"(anonymous_7)","decl":{"start":{"line":135,"column":29},"end":{"line":135,"column":30}},"loc":{"start":{"line":135,"column":64},"end":{"line":135,"column":89}},"line":135},"8":{"name":"(anonymous_8)","decl":{"start":{"line":135,"column":72},"end":{"line":135,"column":73}},"loc":{"start":{"line":135,"column":79},"end":{"line":135,"column":86}},"line":135},"9":{"name":"(anonymous_9)","decl":{"start":{"line":141,"column":12},"end":{"line":141,"column":18}},"loc":{"start":{"line":141,"column":18},"end":{"line":147,"column":5}},"line":141},"10":{"name":"(anonymous_10)","decl":{"start":{"line":142,"column":20},"end":{"line":142,"column":21}},"loc":{"start":{"line":142,"column":46},"end":{"line":144,"column":null}},"line":142},"11":{"name":"(anonymous_11)","decl":{"start":{"line":146,"column":11},"end":{"line":146,"column":17}},"loc":{"start":{"line":146,"column":17},"end":{"line":146,"column":null}},"line":146},"12":{"name":"(anonymous_12)","decl":{"start":{"line":159,"column":20},"end":{"line":159,"column":26}},"loc":{"start":{"line":159,"column":26},"end":{"line":159,"column":47}},"line":159},"13":{"name":"(anonymous_13)","decl":{"start":{"line":160,"column":15},"end":{"line":160,"column":16}},"loc":{"start":{"line":160,"column":42},"end":{"line":165,"column":null}},"line":160},"14":{"name":"(anonymous_14)","decl":{"start":{"line":166,"column":13},"end":{"line":166,"column":19}},"loc":{"start":{"line":166,"column":19},"end":{"line":166,"column":null}},"line":166},"15":{"name":"(anonymous_15)","decl":{"start":{"line":170,"column":12},"end":{"line":170,"column":18}},"loc":{"start":{"line":170,"column":18},"end":{"line":201,"column":5}},"line":170},"16":{"name":"(anonymous_16)","decl":{"start":{"line":173,"column":33},"end":{"line":173,"column":45}},"loc":{"start":{"line":173,"column":45},"end":{"line":199,"column":7}},"line":173},"17":{"name":"(anonymous_17)","decl":{"start":{"line":200,"column":11},"end":{"line":200,"column":17}},"loc":{"start":{"line":200,"column":17},"end":{"line":200,"column":null}},"line":200},"18":{"name":"(anonymous_18)","decl":{"start":{"line":205,"column":4},"end":{"line":205,"column":10}},"loc":{"start":{"line":205,"column":10},"end":{"line":207,"column":null}},"line":205},"19":{"name":"(anonymous_19)","decl":{"start":{"line":205,"column":10},"end":{"line":205,"column":16}},"loc":{"start":{"line":205,"column":16},"end":{"line":207,"column":null}},"line":205},"20":{"name":"(anonymous_20)","decl":{"start":{"line":213,"column":12},"end":{"line":213,"column":18}},"loc":{"start":{"line":213,"column":18},"end":{"line":215,"column":5}},"line":213},"21":{"name":"(anonymous_21)","decl":{"start":{"line":222,"column":23},"end":{"line":222,"column":30}},"loc":{"start":{"line":222,"column":73},"end":{"line":226,"column":null}},"line":222},"22":{"name":"(anonymous_22)","decl":{"start":{"line":228,"column":19},"end":{"line":228,"column":26}},"loc":{"start":{"line":228,"column":51},"end":{"line":276,"column":null}},"line":228},"23":{"name":"(anonymous_23)","decl":{"start":{"line":278,"column":27},"end":{"line":278,"column":33}},"loc":{"start":{"line":278,"column":33},"end":{"line":281,"column":null}},"line":278},"24":{"name":"(anonymous_24)","decl":{"start":{"line":283,"column":29},"end":{"line":283,"column":35}},"loc":{"start":{"line":283,"column":35},"end":{"line":286,"column":null}},"line":283},"25":{"name":"(anonymous_25)","decl":{"start":{"line":313,"column":22},"end":{"line":313,"column":23}},"loc":{"start":{"line":313,"column":36},"end":{"line":330,"column":null}},"line":313},"26":{"name":"(anonymous_26)","decl":{"start":{"line":317,"column":22},"end":{"line":317,"column":23}},"loc":{"start":{"line":317,"column":39},"end":{"line":320,"column":18}},"line":317},"27":{"name":"(anonymous_27)","decl":{"start":{"line":319,"column":56},"end":{"line":319,"column":57}},"loc":{"start":{"line":319,"column":64},"end":{"line":319,"column":77}},"line":319},"28":{"name":"(anonymous_28)","decl":{"start":{"line":323,"column":22},"end":{"line":323,"column":23}},"loc":{"start":{"line":323,"column":39},"end":{"line":323,"column":107}},"line":323},"29":{"name":"(anonymous_29)","decl":{"start":{"line":323,"column":82},"end":{"line":323,"column":83}},"loc":{"start":{"line":323,"column":90},"end":{"line":323,"column":103}},"line":323},"30":{"name":"(anonymous_30)","decl":{"start":{"line":362,"column":26},"end":{"line":362,"column":27}},"loc":{"start":{"line":363,"column":20},"end":{"line":369,"column":null}},"line":363},"31":{"name":"(anonymous_31)","decl":{"start":{"line":367,"column":46},"end":{"line":367,"column":47}},"loc":{"start":{"line":367,"column":54},"end":{"line":367,"column":77}},"line":367},"32":{"name":"(anonymous_32)","decl":{"start":{"line":380,"column":26},"end":{"line":380,"column":27}},"loc":{"start":{"line":381,"column":20},"end":{"line":387,"column":null}},"line":381},"33":{"name":"(anonymous_33)","decl":{"start":{"line":385,"column":85},"end":{"line":385,"column":86}},"loc":{"start":{"line":385,"column":93},"end":{"line":385,"column":116}},"line":385},"34":{"name":"(anonymous_34)","decl":{"start":{"line":470,"column":36},"end":{"line":470,"column":37}},"loc":{"start":{"line":471,"column":16},"end":{"line":492,"column":null}},"line":471},"35":{"name":"(anonymous_35)","decl":{"start":{"line":485,"column":29},"end":{"line":485,"column":35}},"loc":{"start":{"line":485,"column":35},"end":{"line":485,"column":null}},"line":485},"36":{"name":"(anonymous_36)","decl":{"start":{"line":495,"column":25},"end":{"line":495,"column":31}},"loc":{"start":{"line":495,"column":31},"end":{"line":495,"column":null}},"line":495},"37":{"name":"(anonymous_37)","decl":{"start":{"line":508,"column":30},"end":{"line":508,"column":31}},"loc":{"start":{"line":509,"column":16},"end":{"line":530,"column":null}},"line":509},"38":{"name":"(anonymous_38)","decl":{"start":{"line":522,"column":31},"end":{"line":522,"column":37}},"loc":{"start":{"line":522,"column":37},"end":{"line":522,"column":null}},"line":522},"39":{"name":"(anonymous_39)","decl":{"start":{"line":533,"column":25},"end":{"line":533,"column":31}},"loc":{"start":{"line":533,"column":31},"end":{"line":533,"column":null}},"line":533}},"branchMap":{"0":{"loc":{"start":{"line":39,"column":21},"end":{"line":39,"column":81}},"type":"binary-expr","locations":[{"start":{"line":39,"column":21},"end":{"line":39,"column":30}},{"start":{"line":39,"column":30},"end":{"line":39,"column":60}},{"start":{"line":39,"column":60},"end":{"line":39,"column":81}}],"line":39},"1":{"loc":{"start":{"line":40,"column":21},"end":{"line":40,"column":49}},"type":"binary-expr","locations":[{"start":{"line":40,"column":21},"end":{"line":40,"column":29}},{"start":{"line":40,"column":29},"end":{"line":40,"column":49}}],"line":40},"2":{"loc":{"start":{"line":52,"column":21},"end":{"line":52,"column":57}},"type":"binary-expr","locations":[{"
[...]
":{"line":202,"column":null}},"72":{"start":{"line":217,"column":35},"end":{"line":217,"column":null}},"73":{"start":{"line":231,"column":33},"end":{"line":231,"column":null}}},"fnMap":{"0":{"name":"(anonymous_0)","decl":{"start":{"line":12,"column":8},"end":{"line":12,"column":15}},"loc":{"start":{"line":12,"column":15},"end":{"line":12,"column":null}},"line":12},"1":{"name":"Settings","decl":{"start":{"line":16,"column":9},"end":{"line":16,"column":20}},"loc":{"start":{"line":16,"column":20},"end":{"line":276,"column":null}},"line":16},"2":{"name":"(anonymous_2)","decl":{"start":{"line":24,"column":20},"end":{"line":24,"column":26}},"loc":{"start":{"line":24,"column":26},"end":{"line":24,"column":47}},"line":24},"3":{"name":"(anonymous_3)","decl":{"start":{"line":25,"column":15},"end":{"line":25,"column":16}},"loc":{"start":{"line":25,"column":39},"end":{"line":30,"column":null}},"line":25},"4":{"name":"(anonymous_4)","decl":{"start":{"line":31,"column":13},"end":{"line":31,"column":19}},"loc":{"start":{"line":31,"column":19},"end":{"line":31,"column":null}},"line":31},"5":{"name":"(anonymous_5)","decl":{"start":{"line":50,"column":12},"end":{"line":50,"column":18}},"loc":{"start":{"line":50,"column":18},"end":{"line":57,"column":5}},"line":50},"6":{"name":"(anonymous_6)","decl":{"start":{"line":61,"column":4},"end":{"line":61,"column":10}},"loc":{"start":{"line":61,"column":10},"end":{"line":63,"column":null}},"line":61},"7":{"name":"(anonymous_7)","decl":{"start":{"line":61,"column":10},"end":{"line":61,"column":16}},"loc":{"start":{"line":61,"column":16},"end":{"line":63,"column":null}},"line":61},"8":{"name":"(anonymous_8)","decl":{"start":{"line":78,"column":28},"end":{"line":78,"column":35}},"loc":{"start":{"line":78,"column":78},"end":{"line":91,"column":null}},"line":78},"9":{"name":"(anonymous_9)","decl":{"start":{"line":93,"column":23},"end":{"line":93,"column":30}},"loc":{"start":{"line":93,"column":53},"end":{"line":122,"column":null}},"line":93},"10":{"name":"(anonymous_10)","decl":{"start":{"line":183,"column":25},"end":{"line":183,"column":31}},"loc":{"start":{"line":183,"column":31},"end":{"line":183,"column":null}},"line":183},"11":{"name":"(anonymous_11)","decl":{"start":{"line":202,"column":26},"end":{"line":202,"column":27}},"loc":{"start":{"line":202,"column":33},"end":{"line":202,"column":null}},"line":202},"12":{"name":"(anonymous_12)","decl":{"start":{"line":217,"column":28},"end":{"line":217,"column":29}},"loc":{"start":{"line":217,"column":35},"end":{"line":217,"column":null}},"line":217},"13":{"name":"(anonymous_13)","decl":{"start":{"line":231,"column":26},"end":{"line":231,"column":27}},"loc":{"start":{"line":231,"column":33},"end":{"line":231,"column":null}},"line":231}},"branchMap":{"0":{"loc":{"start":{"line":27,"column":6},"end":{"line":27,"column":null}},"type":"if","locations":[{"start":{"line":27,"column":6},"end":{"line":27,"column":null}},{"start":{},"end":{}}],"line":27},"1":{"loc":{"start":{"line":51,"column":4},"end":{"line":56,"column":null}},"type":"if","locations":[{"start":{"line":51,"column":4},"end":{"line":56,"column":null}},{"start":{},"end":{}}],"line":51},"2":{"loc":{"start":{"line":51,"column":8},"end":{"line":51,"column":51}},"type":"binary-expr","locations":[{"start":{"line":51,"column":8},"end":{"line":51,"column":34}},{"start":{"line":51,"column":34},"end":{"line":51,"column":51}}],"line":51},"3":{"loc":{"start":{"line":53,"column":14},"end":{"line":53,"column":28}},"type":"binary-expr","locations":[{"start":{"line":53,"column":14},"end":{"line":53,"column":26}},{"start":{"line":53,"column":26},"end":{"line":53,"column":28}}],"line":53},"4":{"loc":{"start":{"line":54,"column":18},"end":{"line":54,"column":36}},"type":"binary-expr","locations":[{"start":{"line":54,"column":18},"end":{"line":54,"column":34}},{"start":{"line":54,"column":34},"end":{"line":54,"column":36}}],"line":54},"5":{"loc":{"start":{"line":55,"column":13},"end":{"line":55,"column":26}},"type":"binary-expr","locations":[{"start":{"line":55,"column":13},"end":{"line":55,"column":24}},{"start":{"line":55,"column":24},"end":{"line":55,"column":26}}],"line":55},"6":{"loc":{"start":{"line":62,"column":6},"end":{"line":62,"column":null}},"type":"if","locations":[{"start":{"line":62,"column":6},"end":{"line":62,"column":null}},{"start":{},"end":{}}],"line":62},"7":{"loc":{"start":{"line":68,"column":4},"end":{"line":72,"column":null}},"type":"binary-expr","locations":[{"start":{"line":68,"column":4},"end":{"line":68,"column":null}},{"start":{"line":69,"column":5},"end":{"line":69,"column":null}},{"start":{"line":70,"column":6},"end":{"line":70,"column":null}},{"start":{"line":71,"column":6},"end":{"line":71,"column":null}},{"start":{"line":72,"column":6},"end":{"line":72,"column":null}}],"line":68},"8":{"loc":{"start":{"line":74,"column":2},"end":{"line":76,"column":null}},"type":"if","locations":[{"start":{"line":74,"column":2},"end":{"line":76,"column":null}},{"start":{},"end":{}}],"line":74},"9":{"loc":{"start":{"line":80,"column":4},"end":{"line":80,"column":null}},"type":"if","locations":[{"start":{"line":80,"column":4},"end":{"line":80,"column":null}},{"start":{},"end":{}}],"line":80},"10":{"loc":{"start":{"line":81,"column":4},"end":{"line":84,"column":null}},"type":"if","locations":[{"start":{"line":81,"column":4},"end":{"line":84,"column":null}},{"start":{},"end":{}}],"line":81},"11":{"loc":{"start":{"line":85,"column":4},"end":{"line":88,"column":null}},"type":"if","locations":[{"start":{"line":85,"column":4},"end":{"line":88,"column":null}},{"start":{},"end":{}}],"line":85},"12":{"loc":{"start":{"line":95,"column":4},"end":{"line":95,"column":null}},"type":"if","locations":[{"start":{"line":95,"column":4},"end":{"line":95,"column":null}},{"start":{},"end":{}}],"line":95},"13":{"loc":{"start":{"line":98,"column":4},"end":{"line":101,"column":null}},"type":"if","locations":[{"start":{"line":98,"column":4},"end":{"line":101,"column":null}},{"start":{},"end":{}}],"line":98},"14":{"loc":{"start":{"line":102,"column":4},"end":{"line":105,"column":null}},"type":"if","locations":[{"start":{"line":102,"column":4},"end":{"line":105,"column":null}},{"start":{},"end":{}}],"line":102},"15":{"loc":{"start":{"line":102,"column":8},"end":{"line":102,"column":60}},"type":"binary-expr","locations":[{"start":{"line":102,"column":8},"end":{"line":102,"column":24}},{"start":{"line":102,"column":24},"end":{"line":102,"column":60}}],"line":102},"16":{"loc":{"start":{"line":111,"column":18},"end":{"line":111,"column":null}},"type":"binary-expr","locations":[{"start":{"line":111,"column":18},"end":{"line":111,"column":34}},{"start":{"line":111,"column":34},"end":{"line":111,"column":null}}],"line":111},"17":{"loc":{"start":{"line":112,"column":13},"end":{"line":112,"column":null}},"type":"binary-expr","locations":[{"start":{"line":112,"column":13},"end":{"line":112,"column":27}},{"start":{"line":112,"column":27},"end":{"line":112,"column":null}}],"line":112},"18":{"loc":{"start":{"line":113,"column":22},"end":{"line":113,"column":null}},"type":"binary-expr","locations":[{"start":{"line":113,"column":22},"end":{"line":113,"column":41}},{"start":{"line":113,"column":41},"end":{"line":113,"column":null}}],"line":113},"19":{"loc":{"start":{"line":118,"column":12},"end":{"line":118,"column":75}},"type":"cond-expr","locations":[{"start":{"line":118,"column":35},"end":{"line":118,"column":49}},{"start":{"line":118,"column":49},"end":{"line":118,"column":75}}],"line":118},"20":{"loc":{"start":{"line":124,"column":17},"end":{"line":124,"column":null}},"type":"binary-expr","locations":[{"start":{"line":124,"column":17},"end":{"line":124,"column":31}},{"start":{"line":124,"column":31},"end":{"line":124,"column":55}},{"start":{"line":124,"column":55},"end":{"line":124,"column":null}}],"line":124},"21":{"loc":{"start":{"line":139,"column":15},"end":{"line":144,"column":null}},"type":"cond-expr","locations":[{"start":{"line":140,"column":16},"end":{"line":140,"column":null}},{"start":{"line":142,"column":16},"end":{"line":144,"column":null}}],"line":139},"22":{"loc":{"start":{"line":143,"column":20},"end":{"line":143,"column":33}},"type":"binary-expr","locations":[{"start":{"line":143,"column":20},"end":{"line":143,"column":28}},{"start":{"line":143,"column":28},"end":{"line":143,"column":33}}],"line":143},"23":{"loc":{"start":{"line":146,"column":15},"end":{"line":165,"column":null}},"type":"binary-expr","locations":[{"start":{"line":146,"column":15},"end":{"line":146,"column":null}},{"start":{"line":147,"column":16},"end":{"line":165,"column":null}}],"line":146},"24":{"loc":{"start":{"line":180,"column":56},"end":{"line":180,"column":76}},"type":"binary-expr","locations":[{"start":{"line":180,"column":56},"end":{"line":180,"column":64}},{"start":{"line":180,"column":64},"end":{"line":180,"column":76}}],"line":180},"25":{"loc":{"start":{"line":187,"column":17},"end":{"line":187,"column":null}},"type":"cond-expr","locations":[{"start":{"line":187,"column":29},"end":{"line":187,"column":63}},{"start":{"line":187,"column":63},"end":{"line":187,"column":null}}],"line":187},"26":{"loc":{"start":{"line":189,"column":15},"end":{"line":189,"column":null}},"type":"binary-expr","locations":[{"start":{"line":189,"column":15},"end":{"line":189,"column":28}},{"start":{"line":189,"column":28},"end":{"line":189,"column":null}}],"line":189},"27":{"loc":{"start":{"line":267,"column":22},"end":{"line":267,"column":null}},"type":"binary-expr","locations":[{"start":{"line":267,"column":22},"end":{"line":267,"column":32}},{"start":{"line":267,"column":32},"end":{"line":267,"column":null}}],"line":267},"28":{"loc":{"start":{"line":270,"column":13},"end":{"line":270,"column":null}},"type":"cond-expr","locations":[{"start":{"line":270,"column":22},"end":{"line":270,"column":34}},{"start":{"line":270,"column":34},"end":{"line":270,"column":null}}],"line":270}},"s":{"0":0,"1":0,"2":0,"3":0,"4":0,"5":0,"6":0,"7":0,"8":0,"9":0,"10":0,"11":0,"12":0,"13":0,"14":0,"15":0,"16":0,"17":0,"18":0,"19":0,"20":0,"21":0,"22":0,"23":0,"24":0,"25":0,"26":0,"27":0,"28":0,"29":0,"30":0,"31":0,"32":0,"33":0,"34":0,"35":0,"36":0,"37":0,"38":0,"39":0,"40":0,"41":0,"42":0,"43":0,"44":0,"45":0,"46":0,"47":0,"48":0,"49":0,"50":0,"51":0,"52":0,"53":0,"54":0,"55":0,"56":0,"57":0,"58":0,"59":0,"60":0,"61":0,"62":0,"63":0,"64":0,"65":0,"66":0,"67":0,"68":0,"69":0,"70":0,"71":0,"72":0,"73":0},"f":{"0":0,"1":0,"2":0,"3":0,"4":0,"5":0,"6":0,"7":0,"8":0,"9":0,"10":0,"11":0,"12":0,"13":0},"b":{"0":[0,0],"1":[0,0],"2":[0,0],"3":[0,0],"4":[0,0],"5":[0,0],"6":[0,0],"7":[0,0,0,0,0],"8":[0,0],"9":[0,0],"10":[0,0],"11":[0,0],"12":[0,0],"13":[0,0],"14":[0,0],"15":[0,0],"16":[0,0],"17":[0,0],"18":[0,0],"19":[0,0],"20":[0,0,0],"21":[0,0],"22":[0,0],"23":[0,0],"24":[0,0],"25":[0,0],"26":[0,0],"27":[0,0],"28":[0,0]},"meta":{"lastBranch":29,"lastFunction":14,"lastStatement":74,"seen":{"s:11:13:14:Infinity":0,"f:12:8:12:15":0,"s:12:15:12:Infinity":1,"f:16:9:16:20":1,"s:17:8:17:Infinity":2,"s:18:8:18:Infinity":3,"s:19:8:19:Infinity":4,"s:24:2:32:Infinity":5,"f:24:20:24:26":2,"s:24:26:24:47":6,"f:25:15:25:16":3,"s:26:6:26:Infinity":7,"b:27:6:27:Infinity:undefined:undefined:undefined:undefined":0,"s:27:6:27:Infinity":8,"s:27:22:27:Infinity":9,"s:28:6:28:Infinity":10,"s:29:6:29:Infinity":11,"f:31:13:31:19":4,"s:31:19:31:Infinity":12,"s:33:16:33:Infinity":13,"s:34:8:34:Infinity":14,"s:36:22:36:Infinity":15,"s:37:30:37:Infinity":16,"s:38:20:38:Infinity":17,"s:39:26:39:Infinity":18,"s:40:34:40:Infinity":19,"s:41:44:41:Infinity":20,"s:45:8:45:Infinity":21,"s:46:19:46:Infinity":22,"s:47:23:47:Infinity":23,"s:48:18:48:Infinity":24,"s:50:2:57:Infinity":25,"f:50:12:50:18":5,"b:51:4:56:Infinity:undefined:undefined:undefined:undefined":1,"s:51:4:56:Infinity":26,"b:51:8:51:34:51:34:51:51":2,"s:52:6:52:Infinity":27,"s:53:6:53:Infinity":28,"b:53:14:53:26:53:26:53:28":3,"s:54:6:54:Infinity":29,"b:54:18:54:34:54:34:54:36":4,"s:55:6:55:Infinity":30,"b:55:13:55:24:55:24:55:26":5,"s:60:2:65:Infinity":31,"f:61:4:61:10":6,"s:61:10:63:Infinity":32,"f:61:10:61:16":7,"b:62:6:62:Infinity:undefined:undefined:undefined:undefined":6,"s:62:6:62:Infinity":33,"s:62:22:62:Infinity":34,"s:68:4:72:Infinity":35,"b:68:4:68:Infinity:69:5:69:Infinity:70:6:70:Infinity:71:6:71:Infinity:72:6:72:Infinity":7,"b:74:2:76:Infinity:undefined:undefined:undefined:undefined":8,"s:74:2:76:Infinity":36,"s:75:4:75:Infinity":37,"s:78:28:91:Infinity":38,"f:78:28:78:35":8,"s:79:17:79:Infinity":39,"b:80:4:80:Infinity:undefined:undefined:undefined:undefined":9,"s:80:4:80:Infinity":40,"s:80:15:80:Infinity":41,"b:81:4:84:Infinity:undefined:undefined:undefined:undefined":10,"s:81:4:84:Infinity":42,"s:82:6:82:Infinity":43,"s:83:6:83:Infinity":44,"b:85:4:88:Infinity:undefined:undefined:undefined:undefined":11,"s:85:4:88:Infinity":45,"s:86:6:86:Infinity":46,"s:87:6:87:Infinity":47,"s:90:4:90:Infinity":48,"s:93:23:122:Infinity":49,"f:93:23:93:30":9,"s:94:4:94:Infinity":50,"b:95:4:95:Infinity:undefined:undefined:undefined:undefined":12,"s:95:4:95:Infinity":51,"s:95:21:95:Infinity":52,"s:96:21:96:Infinity":53,"s:97:25:97:Infinity":54,"b:98:4:101:Infinity:undefined:undefined:undefined:undefined":13,"s:98:4:101:Infinity":55,"s:99:6:99:Infinity":56,"s:100:6:100:Infinity":57,"b:102:4:105:Infinity:undefined:undefined:undefined:undefined":14,"s:102:4:105:Infinity":58,"b:102:8:102:24:102:24:102:60":15,"s:103:6:103:Infinity":59,"s:104:6:104:Infinity":60,"s:107:4:107:Infinity":61,"s:108:4:121:Infinity":62,"s:109:6:114:Infinity":63,"b:111:18:111:34:111:34:111:Infinity":16,"b:112:13:112:27:112:27:112:Infinity":17,"b:113:22:113:41:113:41:113:Infinity":18,"s:115:6:115:Infinity":64,"s:116:6:116:Infinity":65,"s:118:6:118:Infinity":66,"b:118:35:118:49:118:49:118:75":19,"s:120:6:120:Infinity":67,"s:124:17:124:Infinity":68,"b:124:17:124:31:124:31:124:55:124:55:124:Infinity":20,"s:126:2:274:Infinity":69,"b:140:16:140:Infinity:142:16:144:Infinity":21,"b:143:20:143:28:143:28:143:33":22,"b:146:15:146:Infinity:147:16:165:Infinity":23,"b:180:56:180:64:180:64:180:76":24,"f:183:25:183:31":10,"s:183:31:183:Infinity":70,"b:187:29:187:63:187:63:187:Infinity":25,"b:189:15:189:28:189:28:189:Infinity":26,"f:202:26:202:27":11,"s:202:33:202:Infinity":71,"f:217:28:217:29":12,"s:217:35:217:Infinity":72,"f:231:26:231:27":13,"s:231:33:231:Infinity":73,"b:267:22:267:32:267:32:267:Infinity":27,"b:270:22:270:34:270:34:270:Infinity":28}}}
,"/home/dacrab/Documents/GitHub/mise/src/routes/_authed/dashboard/create.tsx": {"path":"/home/dacrab/Documents/GitHub/mise/src/routes/_authed/dashboard/create.tsx","statementMap":{"0":{"start":{"line":4,"column":13},"end":{"line":6,"column":null}}},"fnMap":{},"branchMap":{},"s":{"0":0},"f":{},"b":{},"meta":{"lastBranch":0,"lastFunction":0,"lastStatement":1,"seen":{"s:4:13:6:Infinity":0}}}
,"/home/dacrab/Documents/GitHub/mise/src/routes/_authed/dashboard/edit.$id.tsx": {"path":"/home/dacrab/Documents/GitHub/mise/src/routes/_authed/dashboard/edit.$id.tsx","statementMap":{"0":{"start":{"line":8,"column":13},"end":{"line":10,"column":null}},"1":{"start":{"line":13,"column":17},"end":{"line":13,"column":null}},"2":{"start":{"line":14,"column":8},"end":{"line":14,"column":null}},"3":{"start":{"line":15,"column":8},"end":{"line":15,"column":null}},"4":{"start":{"line":16,"column":8},"end":{"line":16,"column":null}},"5":{"start":{"line":19,"column":21},"end":{"line":19,"column":null}},"6":{"start":{"line":20,"column":17},"end":{"line":20,"column":null}},"7":{"start":{"line":21,"column":18},"end":{"line":21,"column":null}},"8":{"start":{"line":23,"column":2},"end":{"line":25,"column":null}},"9":{"start":{"line":24,"column":4},"end":{"line":24,"column":null}},"10":{"start":{"line":24,"column":20},"end":{"line":24,"column":null}},"11":{"start":{"line":27,"column":2},"end":{"line":29,"column":null}},"12":{"start":{"line":28,"column":4},"end":{"line":28,"column":null}},"13":{"start":{"line":28,"column":28},"end":{"line":28,"column":null}},"14":{"start":{"line":31,"column":2},"end":{"line":33,"column":null}},"15":{"start":{"line":32,"column":4},"end":{"line":32,"column":null}},"16":{"start":{"line":34,"column":2},"end":{"line":34,"column":null}},"17":{"start":{"line":34,"column":16},"end":{"line":34,"column":null}},"18":{"start":{"line":36,"column":2},"end":{"line":36,"column":null}}},"fnMap":{"0":{"name":"EditRecipePage","decl":{"start":{"line":12,"column":9},"end":{"line":12,"column":26}},"loc":{"start":{"line":12,"column":26},"end":{"line":37,"column":null}},"line":12},"1":{"name":"(anonymous_1)","decl":{"start":{"line":23,"column":12},"end":{"line":23,"column":18}},"loc":{"start":{"line":23,"column":18},"end":{"line":25,"column":5}},"line":23},"2":{"name":"(anonymous_2)","decl":{"start":{"line":27,"column":12},"end":{"line":27,"column":18}},"loc":{"start":{"line":27,"column":18},"end":{"line":29,"column":5}},"line":27}},"branchMap":{"0":{"loc":{"start":{"line":20,"column":17},"end":{"line":20,"column":null}},"type":"binary-expr","locations":[{"start":{"line":20,"column":17},"end":{"line":20,"column":41}},{"start":{"line":20,"column":41},"end":{"line":20,"column":null}}],"line":20},"1":{"loc":{"start":{"line":21,"column":18},"end":{"line":21,"column":null}},"type":"binary-expr","locations":[{"start":{"line":21,"column":18},"end":{"line":21,"column":30}},{"start":{"line":21,"column":30},"end":{"line":21,"column":null}}],"line":21},"2":{"loc":{"start":{"line":24,"column":4},"end":{"line":24,"column":null}},"type":"if","locations":[{"start":{"line":24,"column":4},"end":{"line":24,"column":null}},{"start":{},"end":{}}],"line":24},"3":{"loc":{"start":{"line":28,"column":4},"end":{"line":28,"column":null}},"type":"if","locations":[{"start":{"line":28,"column":4},"end":{"line":28,"column":null}},{"start":{},"end":{}}],"line":28},"4":{"loc":{"start":{"line":28,"column":8},"end":{"line":28,"column":28}},"type":"binary-expr","locations":[{"start":{"line":28,"column":8},"end":{"line":28,"column":18}},{"start":{"line":28,"column":18},"end":{"line":28,"column":28}}],"line":28},"5":{"loc":{"start":{"line":31,"column":2},"end":{"line":33,"column":null}},"type":"if","locations":[{"start":{"line":31,"column":2},"end":{"line":33,"column":null}},{"start":{},"end":{}}],"line":31},"6":{"loc":{"start":{"line":34,"column":2},"end":{"line":34,"column":null}},"type":"if","locations":[{"start":{"line":34,"column":2},"end":{"line":34,"column":null}},{"start":{},"end":{}}],"line":34}},"s":{"0":0,"1":0,"2":0,"3":0,"4":0,"5":0,"6":0,"7":0,"8":0,"9":0,"10":0,"11":0,"12":0,"13":0,"14":0,"15":0,"16":0,"17":0,"18":0},"f":{"0":0,"1":0,"2":0},"b":{"0":[0,0],"1":[0,0],"2":[0,0],"3":[0,0],"4":[0,0],"5":[0,0],"6":[0,0]},"meta":{"lastBranch":7,"lastFunction":3,"lastStatement":19,"seen":{"s:8:13:10:Infinity":0,"f:12:9:12:26":0,"s:13:17:13:Infinity":1,"s:14:8:14:Infinity":2,"s:15:8:15:Infinity":3,"s:16:8:16:Infinity":4,"s:19:21:19:Infinity":5,"s:20:17:20:Infinity":6,"b:20:17:20:41:20:41:20:Infinity":0,"s:21:18:21:Infinity":7,"b:21:18:21:30:21:30:21:Infinity":1,"s:23:2:25:Infinity":8,"f:23:12:23:18":1,"b:24:4:24:Infinity:undefined:undefined:undefined:undefined":2,"s:24:4:24:Infinity":9,"s:24:20:24:Infinity":10,"s:27:2:29:Infinity":11,"f:27:12:27:18":2,"b:28:4:28:Infinity:undefined:undefined:undefined:undefined":3,"s:28:4:28:Infinity":12,"b:28:8:28:18:28:18:28:28":4,"s:28:28:28:Infinity":13,"b:31:2:33:Infinity:undefined:undefined:undefined:undefined":5,"s:31:2:33:Infinity":14,"s:32:4:32:Infinity":15,"b:34:2:34:Infinity:undefined:undefined:undefined:undefined":6,"s:34:2:34:Infinity":16,"s:34:16:34:Infinity":17,"s:36:2:36:Infinity":18}}}
,"/home/dacrab/Documents/GitHub/mise/src/routes/_authed/dashboard/index.tsx": {"path":"/home/dacrab/Documents/GitHub/mise/src/routes/_authed/dashboard/index.tsx","statementMap":{"0":{"start":{"line":4,"column":13},"end":{"line":6,"column":null}}},"fnMap":{},"branchMap":{},"s":{"0":0},"f":{},"b":{},"meta":{"lastBranch":0,"lastFunction":0,"lastStatement":1,"seen":{"s:4:13:6:Infinity":0}}}
}
